\BOOKMARK [1][-]{section.1}{\376\377\000P\000r\000i\000m\000i\000t\000i\000v\000e\000\040\000d\000a\000t\000a\000\040\000a\000n\000d\000\040\000n\000o\000t\000a\000t\000i\000o\000n}{}% 1
\BOOKMARK [1][-]{section.2}{\376\377\000H\000i\000l\000b\000e\000r\000t\000\040\000s\000p\000a\000c\000e\000,\000\040\000p\000r\000o\000j\000e\000c\000t\000i\000v\000i\000z\000a\000t\000i\000o\000n\000,\000\040\000a\000n\000d\000\040\000t\000h\000e\000\040\000B\000l\000o\000c\000h\000\040\000s\000p\000h\000e\000r\000e}{}% 2
\BOOKMARK [2][-]{subsection.2.1}{\376\377\000F\000u\000b\000i\000n\000i\040\023\000S\000t\000u\000d\000y\000\040\000m\000e\000t\000r\000i\000c}{section.2}% 3
\BOOKMARK [2][-]{subsection.2.2}{\376\377\000K\000a\000h\000l\000e\000r\000\040\000f\000o\000r\000m\000\040\000a\000n\000d\000\040\000B\000e\000r\000r\000y\000\040\000c\000u\000r\000v\000a\000t\000u\000r\000e}{section.2}% 4
\BOOKMARK [1][-]{section.3}{\376\377\000E\000u\000l\000e\000r\000/\000s\000p\000i\000n\000\040\000c\000o\000n\000s\000t\000r\000a\000i\000n\000t\000\040\000a\000n\000d\000\040\000p\000o\000l\000a\000r\000i\000z\000a\000t\000i\000o\000n}{}% 5
\BOOKMARK [1][-]{section.4}{\376\377\000A\000h\000a\000r\000o\000n\000o\000v\040\023\000B\000o\000h\000m\000,\000\040\000B\000e\000r\000r\000y\000,\000\040\000E\000u\000l\000e\000r\000,\000\040\000a\000n\000d\000\040\000i\000n\000t\000e\000n\000t\000i\000o\000n\000\040\000p\000h\000a\000s\000e}{}% 6
\BOOKMARK [1][-]{section.5}{\376\377\000C\000o\000s\000m\000o\000l\000o\000g\000i\000c\000a\000l\000\040\000L\000a\000m\000b\000d\000a\000\040\000a\000n\000d\000\040\000n\000e\000u\000t\000r\000i\000n\000o\000\040\000e\000p\000s\000i\000l\000o\000n\000\040\000c\000l\000o\000s\000u\000r\000e}{}% 7
\BOOKMARK [1][-]{section.6}{\376\377\000Z\000e\000t\000a\000-\000z\000e\000r\000o\000\040\000p\000o\000l\000a\000r\000\040\000a\000x\000i\000o\000m}{}% 8
\BOOKMARK [1][-]{section.7}{\376\377\000T\000e\000t\000r\000a\000h\000e\000d\000r\000a\000l\000\040\000d\000e\000p\000t\000h\000\040\000f\000r\000o\000m\000\040\000p\000o\000l\000a\000r\000\040\000s\000p\000e\000c\000t\000r\000a\000l\000\040\000d\000a\000t\000a}{}% 9
\BOOKMARK [1][-]{section.8}{\376\377\000P\000o\000i\000n\000c\000a\000r\000e\000\040\000d\000i\000s\000k\000\040\000a\000s\000\040\000t\000h\000e\000\040\000t\000e\000t\000r\000a\000h\000e\000d\000r\000a\000l\000\040\000i\000n\000t\000e\000r\000f\000e\000r\000e\000n\000c\000e\000\040\000s\000u\000r\000f\000a\000c\000e}{}% 10
\BOOKMARK [1][-]{section.9}{\376\377\000T\000w\000i\000n\000-\000p\000r\000i\000m\000e\000\040\000C\000o\000l\000l\000a\000t\000z\000\040\000r\000h\000y\000t\000h\000m\000\040\000a\000n\000d\000\040\000d\000i\000s\000k\000\040\000d\000y\000n\000a\000m\000i\000c\000s}{}% 11
\BOOKMARK [1][-]{section.10}{\376\377\000R\000e\000l\000a\000t\000i\000o\000n\000a\000l\000\040\000L\000a\000g\000r\000a\000n\000g\000i\000a\000n\000\040\000w\000i\000t\000h\000\040\000p\000h\000a\000s\000e\000\040\000a\000s\000\040\000t\000h\000e\000\040\000p\000r\000i\000m\000a\000r\000y\000\040\000f\000r\000e\000e\000\040\000s\000e\000c\000t\000o\000r}{}% 12
\BOOKMARK [1][-]{section.11}{\376\377\000R\000e\000p\000l\000a\000c\000e\000m\000e\000n\000t\000\040\000o\000f\000\040\000t\000h\000e\000\040\000b\000a\000r\000e\000\040\000p\000h\000a\000s\000e\000\040\000r\000o\000t\000o\000r\000\040\000b\000y\000\040\000t\000h\000e\000\040\000i\000n\000t\000e\000n\000t\000i\000o\000n\000/\000i\000n\000f\000o\000r\000m\000a\000t\000i\000o\000n\000\040\000g\000e\000n\000e\000r\000a\000t\000o\000r}{}% 13
\BOOKMARK [1][-]{section.12}{\376\377\000F\000i\000n\000a\000l\000\040\000H\000a\000m\000i\000l\000t\000o\000n\000i\000a\000n\000\040\000o\000n\000\040\000t\000h\000e\000\040\000H\000i\000l\000b\000e\000r\000t\000-\000K\000a\000h\000l\000e\000r\000/\000B\000l\000o\000c\000h\000/\000P\000o\000i\000n\000c\000a\000r\000e\000\040\000s\000t\000r\000u\000c\000t\000u\000r\000e}{}% 14
\BOOKMARK [1][-]{section.13}{\376\377\000N\000u\000m\000e\000r\000i\000c\000a\000l\000\040\000r\000e\000f\000e\000r\000e\000n\000c\000e\000\040\000c\000h\000e\000c\000k\000s}{}% 15
\BOOKMARK [1][-]{section.14}{\376\377\000C\000o\000m\000p\000a\000c\000t\000\040\000d\000e\000r\000i\000v\000a\000t\000i\000o\000n\000\040\000c\000h\000a\000i\000n}{}% 16
\BOOKMARK [1][-]{section.15}{\376\377\000O\000p\000e\000n\000\040\000d\000e\000f\000i\000n\000i\000t\000i\000o\000n\000s\000\040\000t\000h\000a\000t\000\040\000m\000u\000s\000t\000\040\000b\000e\000c\000o\000m\000e\000\040\000c\000a\000n\000o\000n\000i\000c\000a\000l}{}% 17
\BOOKMARK [1][-]{appendix.A}{\376\377\000C\000o\000d\000e\000:\000\040\000C\000P\0001\000\040\000B\000e\000r\000r\000y\000\040\000g\000e\000o\000m\000e\000t\000r\000y\000\040\000c\000h\000e\000c\000k}{}% 18
\BOOKMARK [1][-]{appendix.B}{\376\377\000C\000o\000d\000e\000:\000\040\000z\000e\000t\000a\000-\000p\000o\000l\000a\000r\000\040\000t\000e\000t\000r\000a\000h\000e\000d\000r\000a\000l\000\040\000m\000a\000p}{}% 19
\BOOKMARK [1][-]{appendix.C}{\376\377\000C\000o\000d\000e\000:\000\040\000C\000o\000l\000l\000a\000t\000z\000-\000P\000o\000i\000n\000c\000a\000r\000e\000\040\000p\000h\000a\000s\000e\000\040\000w\000o\000r\000k\000b\000e\000n\000c\000h}{}% 20
