\BOOKMARK [1][-]{section.1}{\376\377\000C\000o\000r\000e\000\040\000t\000h\000e\000s\000i\000s}{}% 1
\BOOKMARK [1][-]{section.2}{\376\377\000R\000e\000l\000a\000t\000i\000o\000n\000a\000l\000\040\000c\000o\000n\000f\000i\000g\000u\000r\000a\000t\000i\000o\000n\000\040\000s\000p\000a\000c\000e\000\040\000a\000n\000d\000\040\000p\000h\000a\000s\000e\000\040\000b\000u\000n\000d\000l\000e}{}% 2
\BOOKMARK [1][-]{section.3}{\376\377\000A\000h\000a\000r\000o\000n\000o\000v\040\023\000B\000o\000h\000m\040\023\000B\000e\000r\000r\000y\040\023\000E\000u\000l\000e\000r\000\040\000c\000o\000n\000n\000e\000c\000t\000i\000o\000n}{}% 3
\BOOKMARK [1][-]{section.4}{\376\377\000I\000n\000f\000o\000r\000m\000a\000t\000i\000o\000n\000\040\000c\000o\000n\000s\000t\000a\000n\000t\000,\000\040\000o\000p\000e\000r\000a\000t\000o\000r\000\040\000d\000o\000m\000a\000i\000n\000,\000\040\000a\000n\000d\000\040\000z\000e\000r\000o\000-\000l\000e\000v\000e\000l\000\040\000f\000l\000u\000c\000t\000u\000a\000t\000i\000o\000n\000s}{}% 4
\BOOKMARK [2][-]{subsection.4.1}{\376\377\000M\000e\000a\000n\000i\000n\000g\000\040\000o\000f\000\040\000a\000\040\000d\000e\000f\000i\000n\000e\000d\000\040\000d\000o\000m\000a\000i\000n}{section.4}% 5
\BOOKMARK [1][-]{section.5}{\376\377\000T\000w\000i\000n\000-\000p\000r\000i\000m\000e\000\040\000s\000e\000e\000d\000\040\000a\000n\000d\000\040\000C\000o\000l\000l\000a\000t\000z\000/\000K\000o\000l\000a\000c\000\040\000r\000h\000y\000t\000h\000m}{}% 6
\BOOKMARK [1][-]{section.6}{\376\377\000E\000u\000l\000e\000r\040\023\000B\000e\000r\000r\000y\000\040\000c\000o\000n\000s\000t\000r\000a\000i\000n\000t\000\040\000b\000i\000n\000d\000i\000n\000g\000\040\000,\000\040\000D\000,\000\040\000a\000n\000d\000\040\000p\000h\000a\000s\000e}{}% 7
\BOOKMARK [2][-]{subsection.6.1}{\376\377\000E\000u\000l\000e\000r\000\040\000a\000n\000d\000\040\000B\000e\000r\000r\000y\000\040\000q\000u\000a\000n\000t\000i\000z\000a\000t\000i\000o\000n\000\040\000i\000n\000t\000e\000r\000p\000r\000e\000t\000a\000t\000i\000o\000n}{section.6}% 8
\BOOKMARK [1][-]{section.7}{\376\377\000D\000e\000r\000i\000v\000a\000t\000i\000o\000n\000\040\000I\000:\000\040\000c\000a\000n\000o\000n\000i\000c\000a\000l\000\040\000p\000h\000a\000s\000e\000\040\000r\000o\000t\000o\000r\000\040\000e\000m\000b\000e\000d\000d\000i\000n\000g}{}% 9
\BOOKMARK [1][-]{section.8}{\376\377\000D\000e\000r\000i\000v\000a\000t\000i\000o\000n\000\040\000I\000I\000:\000\040\000d\000i\000s\000c\000r\000e\000t\000e\000\040\000F\000l\000o\000q\000u\000e\000t\000\040\000p\000h\000a\000s\000e\000\040\000g\000e\000n\000e\000r\000a\000t\000o\000r}{}% 10
\BOOKMARK [1][-]{section.9}{\376\377\000C\000o\000v\000a\000r\000i\000a\000n\000t\000\040\000q\000u\000a\000n\000t\000u\000m\000\040\000H\000a\000m\000i\000l\000t\000o\000n\000i\000a\000n}{}% 11
\BOOKMARK [1][-]{section.10}{\376\377\000C\000o\000n\000s\000i\000s\000t\000e\000n\000c\000y\000\040\000c\000o\000n\000d\000i\000t\000i\000o\000n\000s}{}% 12
\BOOKMARK [1][-]{section.11}{\376\377\000R\000e\000f\000e\000r\000e\000n\000c\000e\000\040\000s\000i\000m\000u\000l\000a\000t\000i\000o\000n\000s}{}% 13
\BOOKMARK [2][-]{subsection.11.1}{\376\377\000C\000o\000l\000l\000a\000t\000z\000\040\000p\000h\000a\000s\000e\000\040\000a\000c\000c\000u\000m\000u\000l\000a\000t\000i\000o\000n}{section.11}% 14
\BOOKMARK [2][-]{subsection.11.2}{\376\377\000E\000u\000l\000e\000r\040\023\000B\000e\000r\000r\000y\000\040\000c\000l\000o\000s\000u\000r\000e\000\040\000s\000c\000a\000n}{section.11}% 15
\BOOKMARK [2][-]{subsection.11.3}{\376\377\000F\000i\000n\000i\000t\000e\000\040\000m\000a\000t\000r\000i\000x\000\040\000H\000a\000m\000i\000l\000t\000o\000n\000i\000a\000n\000\040\000c\000h\000e\000c\000k}{section.11}% 16
\BOOKMARK [1][-]{section.12}{\376\377\000I\000n\000t\000e\000r\000p\000r\000e\000t\000a\000t\000i\000o\000n}{}% 17
\BOOKMARK [1][-]{section.13}{\376\377\000M\000i\000n\000i\000m\000a\000l\000\040\000n\000e\000x\000t\000\040\000f\000o\000r\000m\000a\000l\000\040\000t\000a\000s\000k\000s}{}% 18
\BOOKMARK [1][-]{appendix.A}{\376\377\000S\000o\000u\000r\000c\000e\000\040\000c\000o\000d\000e\000:\000\040\000C\000o\000l\000l\000a\000t\000z\000\040\000p\000h\000a\000s\000e\000\040\000s\000i\000m\000u\000l\000a\000t\000i\000o\000n}{}% 19
\BOOKMARK [1][-]{appendix.B}{\376\377\000S\000o\000u\000r\000c\000e\000\040\000c\000o\000d\000e\000:\000\040\000E\000u\000l\000e\000r\040\023\000B\000e\000r\000r\000y\000\040\000c\000o\000n\000s\000t\000r\000a\000i\000n\000t\000\040\000s\000c\000a\000n}{}% 20
\BOOKMARK [1][-]{appendix.C}{\376\377\000S\000o\000u\000r\000c\000e\000\040\000c\000o\000d\000e\000:\000\040\000f\000i\000n\000i\000t\000e\000\040\000H\000a\000m\000i\000l\000t\000o\000n\000i\000a\000n\000\040\000m\000a\000t\000r\000i\000x\000\040\000d\000e\000m\000o}{}% 21
\BOOKMARK [1][-]{appendix.D}{\376\377\000S\000o\000u\000r\000c\000e\000\040\000c\000o\000d\000e\000:\000\040\000r\000u\000n\000\040\000a\000l\000l}{}% 22
