This is pdfTeX, Version 3.141592653-2.6-1.40.25 (TeX Live 2023/Debian) (preloaded format=pdflatex 2026.6.25)  26 JUN 2026 14:49
entering extended mode
 restricted \write18 enabled.
 %&-line parsing enabled.
**metatime_monograph.tex
(./metatime_monograph.tex
LaTeX2e <2023-11-01> patch level 1
L3 programming layer <2024-01-22>
(/usr/share/texlive/texmf-dist/tex/latex/base/book.cls
Document Class: book 2023/05/17 v1.4n Standard LaTeX document class
(/usr/share/texlive/texmf-dist/tex/latex/base/bk11.clo
File: bk11.clo 2023/05/17 v1.4n Standard LaTeX file (size option)
)
\c@part=\count187
\c@chapter=\count188
\c@section=\count189
\c@subsection=\count190
\c@subsubsection=\count191
\c@paragraph=\count192
\c@subparagraph=\count193
\c@figure=\count194
\c@table=\count195
\abovecaptionskip=\skip48
\belowcaptionskip=\skip49
\bibindent=\dimen140
)
(/usr/share/texlive/texmf-dist/tex/latex/base/inputenc.sty
Package: inputenc 2021/02/14 v1.3d Input encoding file
\inpenc@prehook=\toks17
\inpenc@posthook=\toks18
)
(/usr/share/texlive/texmf-dist/tex/latex/base/fontenc.sty
Package: fontenc 2021/04/29 v2.0v Standard LaTeX package
)
(/usr/share/texlive/texmf-dist/tex/latex/amsmath/amsmath.sty
Package: amsmath 2023/05/13 v2.17o AMS math features
\@mathmargin=\skip50

For additional information on amsmath, use the `?' option.
(/usr/share/texlive/texmf-dist/tex/latex/amsmath/amstext.sty
Package: amstext 2021/08/26 v2.01 AMS text

(/usr/share/texlive/texmf-dist/tex/latex/amsmath/amsgen.sty
File: amsgen.sty 1999/11/30 v2.0 generic functions
\@emptytoks=\toks19
\ex@=\dimen141
))
(/usr/share/texlive/texmf-dist/tex/latex/amsmath/amsbsy.sty
Package: amsbsy 1999/11/29 v1.2d Bold Symbols
\pmbraise@=\dimen142
)
(/usr/share/texlive/texmf-dist/tex/latex/amsmath/amsopn.sty
Package: amsopn 2022/04/08 v2.04 operator names
)
\inf@bad=\count196
LaTeX Info: Redefining \frac on input line 234.
\uproot@=\count197
\leftroot@=\count198
LaTeX Info: Redefining \overline on input line 399.
LaTeX Info: Redefining \colon on input line 410.
\classnum@=\count199
\DOTSCASE@=\count266
LaTeX Info: Redefining \ldots on input line 496.
LaTeX Info: Redefining \dots on input line 499.
LaTeX Info: Redefining \cdots on input line 620.
\Mathstrutbox@=\box51
\strutbox@=\box52
LaTeX Info: Redefining \big on input line 722.
LaTeX Info: Redefining \Big on input line 723.
LaTeX Info: Redefining \bigg on input line 724.
LaTeX Info: Redefining \Bigg on input line 725.
\big@size=\dimen143
LaTeX Font Info:    Redeclaring font encoding OML on input line 743.
LaTeX Font Info:    Redeclaring font encoding OMS on input line 744.
\macc@depth=\count267
LaTeX Info: Redefining \bmod on input line 905.
LaTeX Info: Redefining \pmod on input line 910.
LaTeX Info: Redefining \smash on input line 940.
LaTeX Info: Redefining \relbar on input line 970.
LaTeX Info: Redefining \Relbar on input line 971.
\c@MaxMatrixCols=\count268
\dotsspace@=\muskip16
\c@parentequation=\count269
\dspbrk@lvl=\count270
\tag@help=\toks20
\row@=\count271
\column@=\count272
\maxfields@=\count273
\andhelp@=\toks21
\eqnshift@=\dimen144
\alignsep@=\dimen145
\tagshift@=\dimen146
\tagwidth@=\dimen147
\totwidth@=\dimen148
\lineht@=\dimen149
\@envbody=\toks22
\multlinegap=\skip51
\multlinetaggap=\skip52
\mathdisplay@stack=\toks23
LaTeX Info: Redefining \[ on input line 2953.
LaTeX Info: Redefining \] on input line 2954.
)
(/usr/share/texlive/texmf-dist/tex/latex/amsfonts/amssymb.sty
Package: amssymb 2013/01/14 v3.01 AMS font symbols

(/usr/share/texlive/texmf-dist/tex/latex/amsfonts/amsfonts.sty
Package: amsfonts 2013/01/14 v3.01 Basic AMSFonts support
\symAMSa=\mathgroup4
\symAMSb=\mathgroup5
LaTeX Font Info:    Redeclaring math symbol \hbar on input line 98.
LaTeX Font Info:    Overwriting math alphabet `\mathfrak' in version `bold'
(Font)                  U/euf/m/n --> U/euf/b/n on input line 106.
))
(/usr/share/texlive/texmf-dist/tex/latex/amscls/amsthm.sty
Package: amsthm 2020/05/29 v2.20.6
\thm@style=\toks24
\thm@bodyfont=\toks25
\thm@headfont=\toks26
\thm@notefont=\toks27
\thm@headpunct=\toks28
\thm@preskip=\skip53
\thm@postskip=\skip54
\thm@headsep=\skip55
\dth@everypar=\toks29
)
(/usr/share/texlive/texmf-dist/tex/latex/tools/bm.sty
Package: bm 2023/07/08 v1.2f Bold Symbol Support (DPC/FMi)
\symboldoperators=\mathgroup6
\symboldletters=\mathgroup7
\symboldsymbols=\mathgroup8
Package bm Info: No bold for \OMX/cmex/m/n, using \pmb.
Package bm Info: No bold for \U/msa/m/n, using \pmb.
Package bm Info: No bold for \U/msb/m/n, using \pmb.
LaTeX Font Info:    Redeclaring math alphabet \mathbf on input line 149.
)
(/usr/share/texlive/texmf-dist/tex/latex/mathtools/mathtools.sty
Package: mathtools 2022/06/29 v1.29 mathematical typesetting tools

(/usr/share/texlive/texmf-dist/tex/latex/graphics/keyval.sty
Package: keyval 2022/05/29 v1.15 key=value parser (DPC)
\KV@toks@=\toks30
)
(/usr/share/texlive/texmf-dist/tex/latex/tools/calc.sty
Package: calc 2023/07/08 v4.3 Infix arithmetic (KKT,FJ)
\calc@Acount=\count274
\calc@Bcount=\count275
\calc@Adimen=\dimen150
\calc@Bdimen=\dimen151
\calc@Askip=\skip56
\calc@Bskip=\skip57
LaTeX Info: Redefining \setlength on input line 80.
LaTeX Info: Redefining \addtolength on input line 81.
\calc@Ccount=\count276
\calc@Cskip=\skip58
)
(/usr/share/texlive/texmf-dist/tex/latex/mathtools/mhsetup.sty
Package: mhsetup 2021/03/18 v1.4 programming setup (MH)
)
\g_MT_multlinerow_int=\count277
\l_MT_multwidth_dim=\dimen152
\origjot=\skip59
\l_MT_shortvdotswithinadjustabove_dim=\dimen153
\l_MT_shortvdotswithinadjustbelow_dim=\dimen154
\l_MT_above_intertext_sep=\dimen155
\l_MT_below_intertext_sep=\dimen156
\l_MT_above_shortintertext_sep=\dimen157
\l_MT_below_shortintertext_sep=\dimen158
\xmathstrut@box=\box53
\xmathstrut@dim=\dimen159
)
(/usr/share/texlive/texmf-dist/tex/latex/carlisle/slashed.sty
Package: slashed 1997/01/16 v0.01 Feynman Slashed Character Notation (DPC)
)
(/usr/share/texlive/texmf-dist/tex/latex/graphics/graphicx.sty
Package: graphicx 2021/09/16 v1.2d Enhanced LaTeX Graphics (DPC,SPQR)

(/usr/share/texlive/texmf-dist/tex/latex/graphics/graphics.sty
Package: graphics 2022/03/10 v1.4e Standard LaTeX Graphics (DPC,SPQR)

(/usr/share/texlive/texmf-dist/tex/latex/graphics/trig.sty
Package: trig 2021/08/11 v1.11 sin cos tan (DPC)
)
(/usr/share/texlive/texmf-dist/tex/latex/graphics-cfg/graphics.cfg
File: graphics.cfg 2016/06/04 v1.11 sample graphics configuration
)
Package graphics Info: Driver file: pdftex.def on input line 107.

(/usr/share/texlive/texmf-dist/tex/latex/graphics-def/pdftex.def
File: pdftex.def 2022/09/22 v1.2b Graphics/color driver for pdftex
))
\Gin@req@height=\dimen160
\Gin@req@width=\dimen161
)
(/usr/share/texlive/texmf-dist/tex/latex/hyperref/hyperref.sty
Package: hyperref 2024-01-20 v7.01h Hypertext links for LaTeX

(/usr/share/texlive/texmf-dist/tex/generic/iftex/iftex.sty
Package: iftex 2022/02/03 v1.0f TeX engine tests
)
(/usr/share/texlive/texmf-dist/tex/latex/kvsetkeys/kvsetkeys.sty
Package: kvsetkeys 2022-10-05 v1.19 Key value parser (HO)
)
(/usr/share/texlive/texmf-dist/tex/generic/kvdefinekeys/kvdefinekeys.sty
Package: kvdefinekeys 2019-12-19 v1.6 Define keys (HO)
)
(/usr/share/texlive/texmf-dist/tex/generic/pdfescape/pdfescape.sty
Package: pdfescape 2019/12/09 v1.15 Implements pdfTeX's escape features (HO)

(/usr/share/texlive/texmf-dist/tex/generic/ltxcmds/ltxcmds.sty
Package: ltxcmds 2023-12-04 v1.26 LaTeX kernel commands for general use (HO)
)
(/usr/share/texlive/texmf-dist/tex/generic/pdftexcmds/pdftexcmds.sty
Package: pdftexcmds 2020-06-27 v0.33 Utility functions of pdfTeX for LuaTeX (HO
)

(/usr/share/texlive/texmf-dist/tex/generic/infwarerr/infwarerr.sty
Package: infwarerr 2019/12/03 v1.5 Providing info/warning/error messages (HO)
)
Package pdftexcmds Info: \pdf@primitive is available.
Package pdftexcmds Info: \pdf@ifprimitive is available.
Package pdftexcmds Info: \pdfdraftmode found.
))
(/usr/share/texlive/texmf-dist/tex/latex/hycolor/hycolor.sty
Package: hycolor 2020-01-27 v1.10 Color options for hyperref/bookmark (HO)
)
(/usr/share/texlive/texmf-dist/tex/latex/auxhook/auxhook.sty
Package: auxhook 2019-12-17 v1.6 Hooks for auxiliary files (HO)
)
(/usr/share/texlive/texmf-dist/tex/latex/hyperref/nameref.sty
Package: nameref 2023-11-26 v2.56 Cross-referencing by name of section

(/usr/share/texlive/texmf-dist/tex/latex/refcount/refcount.sty
Package: refcount 2019/12/15 v3.6 Data extraction from label references (HO)
)
(/usr/share/texlive/texmf-dist/tex/generic/gettitlestring/gettitlestring.sty
Package: gettitlestring 2019/12/15 v1.6 Cleanup title references (HO)

(/usr/share/texlive/texmf-dist/tex/latex/kvoptions/kvoptions.sty
Package: kvoptions 2022-06-15 v3.15 Key value format for package options (HO)
))
\c@section@level=\count278
)
(/usr/share/texlive/texmf-dist/tex/latex/etoolbox/etoolbox.sty
Package: etoolbox 2020/10/05 v2.5k e-TeX tools for LaTeX (JAW)
\etb@tempcnta=\count279
)
\@linkdim=\dimen162
\Hy@linkcounter=\count280
\Hy@pagecounter=\count281

(/usr/share/texlive/texmf-dist/tex/latex/hyperref/pd1enc.def
File: pd1enc.def 2024-01-20 v7.01h Hyperref: PDFDocEncoding definition (HO)
Now handling font encoding PD1 ...
... no UTF-8 mapping file for font encoding PD1
)
(/usr/share/texlive/texmf-dist/tex/generic/intcalc/intcalc.sty
Package: intcalc 2019/12/15 v1.3 Expandable calculations with integers (HO)
)
\Hy@SavedSpaceFactor=\count282

(/usr/share/texlive/texmf-dist/tex/latex/hyperref/puenc.def
File: puenc.def 2024-01-20 v7.01h Hyperref: PDF Unicode definition (HO)
Now handling font encoding PU ...
... no UTF-8 mapping file for font encoding PU
)
Package hyperref Info: Hyper figures OFF on input line 4179.
Package hyperref Info: Link nesting OFF on input line 4184.
Package hyperref Info: Hyper index ON on input line 4187.
Package hyperref Info: Plain pages OFF on input line 4194.
Package hyperref Info: Backreferencing OFF on input line 4199.
Package hyperref Info: Implicit mode ON; LaTeX internals redefined.
Package hyperref Info: Bookmarks ON on input line 4446.
\c@Hy@tempcnt=\count283

(/usr/share/texlive/texmf-dist/tex/latex/url/url.sty
\Urlmuskip=\muskip17
Package: url 2013/09/16  ver 3.4  Verb mode for urls, etc.
)
LaTeX Info: Redefining \url on input line 4784.
\XeTeXLinkMargin=\dimen163

(/usr/share/texlive/texmf-dist/tex/generic/bitset/bitset.sty
Package: bitset 2019/12/09 v1.3 Handle bit-vector datatype (HO)

(/usr/share/texlive/texmf-dist/tex/generic/bigintcalc/bigintcalc.sty
Package: bigintcalc 2019/12/15 v1.5 Expandable calculations on big integers (HO
)
))
\Fld@menulength=\count284
\Field@Width=\dimen164
\Fld@charsize=\dimen165
Package hyperref Info: Hyper figures OFF on input line 6063.
Package hyperref Info: Link nesting OFF on input line 6068.
Package hyperref Info: Hyper index ON on input line 6071.
Package hyperref Info: backreferencing OFF on input line 6078.
Package hyperref Info: Link coloring OFF on input line 6083.
Package hyperref Info: Link coloring with OCG OFF on input line 6088.
Package hyperref Info: PDF/A mode OFF on input line 6093.

(/usr/share/texlive/texmf-dist/tex/latex/base/atbegshi-ltx.sty
Package: atbegshi-ltx 2021/01/10 v1.0c Emulation of the original atbegshi
package with kernel methods
)
\Hy@abspage=\count285
\c@Item=\count286
\c@Hfootnote=\count287
)
Package hyperref Info: Driver (autodetected): hpdftex.

(/usr/share/texlive/texmf-dist/tex/latex/hyperref/hpdftex.def
File: hpdftex.def 2024-01-20 v7.01h Hyperref driver for pdfTeX

(/usr/share/texlive/texmf-dist/tex/latex/base/atveryend-ltx.sty
Package: atveryend-ltx 2020/08/19 v1.0a Emulation of the original atveryend pac
kage
with kernel methods
)
\Fld@listcount=\count288
\c@bookmark@seq@number=\count289

(/usr/share/texlive/texmf-dist/tex/latex/rerunfilecheck/rerunfilecheck.sty
Package: rerunfilecheck 2022-07-10 v1.10 Rerun checks for auxiliary files (HO)

(/usr/share/texlive/texmf-dist/tex/generic/uniquecounter/uniquecounter.sty
Package: uniquecounter 2019/12/15 v1.4 Provide unlimited unique counter (HO)
)
Package uniquecounter Info: New unique counter `rerunfilecheck' on input line 2
85.
)
\Hy@SectionHShift=\skip60
)
(/usr/share/texlive/texmf-dist/tex/latex/base/makeidx.sty
Package: makeidx 2021/10/04 v1.0m Standard LaTeX package
)
(/usr/share/texlive/texmf-dist/tex/latex/tools/verbatim.sty
Package: verbatim 2023-11-06 v1.5v LaTeX2e package for verbatim enhancements
\every@verbatim=\toks31
\verbatim@line=\toks32
\verbatim@in@stream=\read2
)
(/usr/share/texlive/texmf-dist/tex/latex/tools/longtable.sty
Package: longtable 2023-11-01 v4.19 Multi-page Table package (DPC)
\LTleft=\skip61
\LTright=\skip62
\LTpre=\skip63
\LTpost=\skip64
\LTchunksize=\count290
\LTcapwidth=\dimen166
\LT@head=\box54
\LT@firsthead=\box55
\LT@foot=\box56
\LT@lastfoot=\box57
\LT@gbox=\box58
\LT@cols=\count291
\LT@rows=\count292
\c@LT@tables=\count293
\c@LT@chunks=\count294
\LT@p@ftn=\toks33
)
(/usr/share/texlive/texmf-dist/tex/latex/booktabs/booktabs.sty
Package: booktabs 2020/01/12 v1.61803398 Publication quality tables
\heavyrulewidth=\dimen167
\lightrulewidth=\dimen168
\cmidrulewidth=\dimen169
\belowrulesep=\dimen170
\belowbottomsep=\dimen171
\aboverulesep=\dimen172
\abovetopsep=\dimen173
\cmidrulesep=\dimen174
\cmidrulekern=\dimen175
\defaultaddspace=\dimen176
\@cmidla=\count295
\@cmidlb=\count296
\@aboverulesep=\dimen177
\@belowrulesep=\dimen178
\@thisruleclass=\count297
\@lastruleclass=\count298
\@thisrulewidth=\dimen179
)
(/usr/share/texlive/texmf-dist/tex/latex/geometry/geometry.sty
Package: geometry 2020/01/02 v5.9 Page Geometry

(/usr/share/texlive/texmf-dist/tex/generic/iftex/ifvtex.sty
Package: ifvtex 2019/10/25 v1.7 ifvtex legacy package. Use iftex instead.
)
\Gm@cnth=\count299
\Gm@cntv=\count300
\c@Gm@tempcnt=\count301
\Gm@bindingoffset=\dimen180
\Gm@wd@mp=\dimen181
\Gm@odd@mp=\dimen182
\Gm@even@mp=\dimen183
\Gm@layoutwidth=\dimen184
\Gm@layoutheight=\dimen185
\Gm@layouthoffset=\dimen186
\Gm@layoutvoffset=\dimen187
\Gm@dimlist=\toks34
)
\@indexfile=\write3
\openout3 = `metatime_monograph.idx'.


Writing index file metatime_monograph.idx
\c@definition=\count302
\c@theorem=\count303
\c@lemma=\count304
(/usr/share/texlive/texmf-dist/tex/latex/l3backend/l3backend-pdftex.def
File: l3backend-pdftex.def 2024-01-04 L3 backend support: PDF output (pdfTeX)
\l__color_backend_stack_int=\count305
\l__pdf_internal_box=\box59
)
(./metatime_monograph.aux (./chapters/ch01_introduction.aux)
(./chapters/ch02_metatime_framework.aux) (./chapters/ch03_l_constants.aux)
(./chapters/ch04_quark_primes.aux) (./chapters/ch05_electron_action.aux)
(./chapters/ch06_generation_release.aux) (./chapters/ch07_lepton_spectrum.aux)
(./chapters/ch08_gmo_formula.aux) (./chapters/ch09_octet_m0.aux)
(./chapters/ch10_octet_coefficients.aux) (./chapters/ch11_octet_predictions.aux
) (./chapters/ch12_decuplet_m0prime.aux)
(./chapters/ch13_decuplet_predictions.aux)
(./chapters/ch14_pseudoscalar_mesons.aux) (./chapters/ch15_heavy_mesons.aux)
(./chapters/ch16_pmns_mixing.aux) (./chapters/ch17_neutrino_masses.aux)
(./chapters/ch18_ckm_matrix.aux) (./chapters/ch19_ckm_cp_violation.aux)
(./chapters/ch20_higgs_vev.aux) (./chapters/ch21_weinberg_angle.aux)
(./chapters/ch22_fine_structure.aux) (./chapters/ch23_gauge_bosons.aux)
(./chapters/ch24_higgs_mass.aux) (./chapters/ch25_strong_cp_angle.aux)
(./chapters/ch26_neutron_edm.aux) (./chapters/ch27_hypercharge.aux)
(./chapters/ch28_anomaly_cancellation.aux) (./chapters/ch29_dark_energy.aux)
(./chapters/ch30_parameter_summary.aux) (./chapters/ch31_open_problems.aux)
(./appendices/appA_kappa_derivation.aux) (./appendices/appB_collatz_tables.aux)
(./appendices/appC_su3_primer.aux) (./appendices/appD_poincare_disk.aux)
(./appendices/appE_tetrahedron_algebra.aux)
(./appendices/appF_baryon_calculations.aux)
(./appendices/appG_meson_calculations.aux) (./appendices/appH_pdg_tables.aux)
(./appendices/appI_source_code.aux))
\openout1 = `metatime_monograph.aux'.

LaTeX Font Info:    Checking defaults for OML/cmm/m/it on input line 49.
LaTeX Font Info:    ... okay on input line 49.
LaTeX Font Info:    Checking defaults for OMS/cmsy/m/n on input line 49.
LaTeX Font Info:    ... okay on input line 49.
LaTeX Font Info:    Checking defaults for OT1/cmr/m/n on input line 49.
LaTeX Font Info:    ... okay on input line 49.
LaTeX Font Info:    Checking defaults for T1/cmr/m/n on input line 49.
LaTeX Font Info:    ... okay on input line 49.
LaTeX Font Info:    Checking defaults for TS1/cmr/m/n on input line 49.
LaTeX Font Info:    ... okay on input line 49.
LaTeX Font Info:    Checking defaults for OMX/cmex/m/n on input line 49.
LaTeX Font Info:    ... okay on input line 49.
LaTeX Font Info:    Checking defaults for U/cmr/m/n on input line 49.
LaTeX Font Info:    ... okay on input line 49.
LaTeX Font Info:    Checking defaults for PD1/pdf/m/n on input line 49.
LaTeX Font Info:    ... okay on input line 49.
LaTeX Font Info:    Checking defaults for PU/pdf/m/n on input line 49.
LaTeX Font Info:    ... okay on input line 49.

(/usr/share/texlive/texmf-dist/tex/context/base/mkii/supp-pdf.mkii
[Loading MPS to PDF converter (version 2006.09.02).]
\scratchcounter=\count306
\scratchdimen=\dimen188
\scratchbox=\box60
\nofMPsegments=\count307
\nofMParguments=\count308
\everyMPshowfont=\toks35
\MPscratchCnt=\count309
\MPscratchDim=\dimen189
\MPnumerator=\count310
\makeMPintoPDFobject=\count311
\everyMPtoPDFconversion=\toks36
) (/usr/share/texlive/texmf-dist/tex/latex/epstopdf-pkg/epstopdf-base.sty
Package: epstopdf-base 2020-01-24 v2.11 Base part for package epstopdf
Package epstopdf-base Info: Redefining graphics rule for `.eps' on input line 4
85.

(/usr/share/texlive/texmf-dist/tex/latex/latexconfig/epstopdf-sys.cfg
File: epstopdf-sys.cfg 2010/07/13 v1.3 Configuration of (r)epstopdf for TeX Liv
e
))
Package hyperref Info: Link coloring OFF on input line 49.

(./metatime_monograph.out) (./metatime_monograph.out)
\@outlinefile=\write4
\openout4 = `metatime_monograph.out'.


*geometry* driver: auto-detecting
*geometry* detected driver: pdftex
*geometry* verbose mode - [ preamble ] result:
* driver: pdftex
* paper: a4paper
* layout: <same size as paper>
* layoutoffset:(h,v)=(0.0pt,0.0pt)
* modes: twoside 
* h-part:(L,W,R)=(71.13188pt, 455.24411pt, 71.13188pt)
* v-part:(T,H,B)=(85.35826pt, 674.33032pt, 85.35826pt)
* \paperwidth=597.50787pt
* \paperheight=845.04684pt
* \textwidth=455.24411pt
* \textheight=674.33032pt
* \oddsidemargin=-1.1381pt
* \evensidemargin=-1.1381pt
* \topmargin=-20.78552pt
* \headheight=14.0pt
* \headsep=19.8738pt
* \topskip=11.0pt
* \footskip=27.46295pt
* \marginparwidth=106.0pt
* \marginparsep=7.0pt
* \columnsep=10.0pt
* \skip\footins=10.0pt plus 4.0pt minus 2.0pt
* \hoffset=0.0pt
* \voffset=0.0pt
* \mag=1000
* \@twocolumnfalse
* \@twosidetrue
* \@mparswitchtrue
* \@reversemarginfalse
* (1in=72.27pt=25.4mm, 1cm=28.453pt)

LaTeX Font Info:    Trying to load font information for U+msa on input line 59.

(/usr/share/texlive/texmf-dist/tex/latex/amsfonts/umsa.fd
File: umsa.fd 2013/01/14 v3.01 AMS symbols A
)
LaTeX Font Info:    Trying to load font information for U+msb on input line 59.


(/usr/share/texlive/texmf-dist/tex/latex/amsfonts/umsb.fd
File: umsb.fd 2013/01/14 v3.01 AMS symbols B
) [1



{/var/lib/texmf/fonts/map/pdftex/updmap/pdftex.map}] [2

] (./metatime_monograph.toc [3] [4]
[5] [6] [7] [8])
\tf@toc=\write5
\openout5 = `metatime_monograph.toc'.

 [9] [10

] [1

] [2]
\openout2 = `chapters/ch01_introduction.aux'.

 (./chapters/ch01_introduction.tex
Chapter 1.
[3


] [4]) [5] [6]
\openout2 = `chapters/ch02_metatime_framework.aux'.

 (./chapters/ch02_metatime_framework.tex
Chapter 2.

Package hyperref Warning: Token not allowed in a PDF string (Unicode):
(hyperref)                removing `math shift' on input line 5.


Package hyperref Warning: Token not allowed in a PDF string (Unicode):
(hyperref)                removing `\kappa' on input line 5.


Package hyperref Warning: Token not allowed in a PDF string (Unicode):
(hyperref)                removing `math shift' on input line 62.


Package hyperref Warning: Token not allowed in a PDF string (Unicode):
(hyperref)                removing `\kappa' on input line 62.

[7




] [8]) [9]
\openout2 = `chapters/ch03_l_constants.aux'.

 (./chapters/ch03_l_constants.tex [10




]
Chapter 3.
[11]) [12]
\openout2 = `chapters/ch04_quark_primes.aux'.

 (./chapters/ch04_quark_primes.tex
Chapter 4.
[13




]) [14] [15



] [16]
\openout2 = `chapters/ch05_electron_action.aux'.

 (./chapters/ch05_electron_action.tex
Chapter 5.
[17


]) [18]
\openout2 = `chapters/ch06_generation_release.aux'.

 (./chapters/ch06_generation_release.tex
Chapter 6.
[19




]) [20]
\openout2 = `chapters/ch07_lepton_spectrum.aux'.

 (./chapters/ch07_lepton_spectrum.tex
Chapter 7.
[21




]) [22] [23



] [24]
\openout2 = `chapters/ch08_gmo_formula.aux'.

 (./chapters/ch08_gmo_formula.tex
Chapter 8.
[25


]) [26]
\openout2 = `chapters/ch09_octet_m0.aux'.

 (./chapters/ch09_octet_m0.tex
Chapter 9.

Package hyperref Warning: Token not allowed in a PDF string (Unicode):
(hyperref)                removing `math shift' on input line 2.


Package hyperref Warning: Token not allowed in a PDF string (Unicode):
(hyperref)                removing `subscript' on input line 2.

[27




]

Package hyperref Warning: Token not allowed in a PDF string (Unicode):
(hyperref)                removing `math shift' on input line 72.


Package hyperref Warning: Token not allowed in a PDF string (Unicode):
(hyperref)                removing `\Lambda' on input line 72.

) [28]
\openout2 = `chapters/ch10_octet_coefficients.aux'.

 (./chapters/ch10_octet_coefficients.tex
Chapter 10.

Package hyperref Warning: Token not allowed in a PDF string (Unicode):
(hyperref)                removing `math shift' on input line 18.


Package hyperref Warning: Token not allowed in a PDF string (Unicode):
(hyperref)                removing `\alpha' on input line 18.


Package hyperref Warning: Token not allowed in a PDF string (Unicode):
(hyperref)                removing `math shift' on input line 34.


Package hyperref Warning: Token not allowed in a PDF string (Unicode):
(hyperref)                removing `\gamma' on input line 34.


Package hyperref Warning: Token not allowed in a PDF string (Unicode):
(hyperref)                removing `math shift' on input line 63.


Package hyperref Warning: Token not allowed in a PDF string (Unicode):
(hyperref)                removing `\beta' on input line 63.

[29




])
Overfull \hbox (4.11125pt too wide) in paragraph at lines 124--90
[]\T1/cmr/m/n/10.95 These ex-pres-sions as-sumed that the J-KJ eigen-val-ues sc
ale in-de-pen-dently with the L-constants.
 []

[30]
\openout2 = `chapters/ch11_octet_predictions.aux'.

 (./chapters/ch11_octet_predictions.tex
Chapter 11.
[31




]) [32]
\openout2 = `chapters/ch12_decuplet_m0prime.aux'.

 (./chapters/ch12_decuplet_m0prime.tex
Chapter 12.

Package hyperref Warning: Token not allowed in a PDF string (Unicode):
(hyperref)                removing `math shift' on input line 2.


Package hyperref Warning: Token not allowed in a PDF string (Unicode):
(hyperref)                removing `subscript' on input line 2.

[33




]

Package hyperref Warning: Token not allowed in a PDF string (Unicode):
(hyperref)                removing `math shift' on input line 58.


Package hyperref Warning: Token not allowed in a PDF string (Unicode):
(hyperref)                removing `\Omega' on input line 58.


Package hyperref Warning: Token not allowed in a PDF string (Unicode):
(hyperref)                removing `superscript' on input line 58.

) [34]
\openout2 = `chapters/ch13_decuplet_predictions.aux'.

 (./chapters/ch13_decuplet_predictions.tex
Chapter 13.

Package hyperref Warning: Token not allowed in a PDF string (Unicode):
(hyperref)                removing `math shift' on input line 16.


Package hyperref Warning: Token not allowed in a PDF string (Unicode):
(hyperref)                removing `\alpha' on input line 16.


Package hyperref Warning: Token not allowed in a PDF string (Unicode):
(hyperref)                removing `subscript' on input line 16.


Package hyperref Warning: Token not allowed in a PDF string (Unicode):
(hyperref)                removing `math shift' on input line 52.


Package hyperref Warning: Token not allowed in a PDF string (Unicode):
(hyperref)                removing `\beta' on input line 52.


Package hyperref Warning: Token not allowed in a PDF string (Unicode):
(hyperref)                removing `subscript' on input line 52.

[35




]) [36] [37



] [38]
\openout2 = `chapters/ch14_pseudoscalar_mesons.aux'.

 (./chapters/ch14_pseudoscalar_mesons.tex
Chapter 14.
[39


]

Package hyperref Warning: Token not allowed in a PDF string (Unicode):
(hyperref)                removing `math shift' on input line 65.


Package hyperref Warning: Token not allowed in a PDF string (Unicode):
(hyperref)                removing `\eta' on input line 65.


Package hyperref Warning: Token not allowed in a PDF string (Unicode):
(hyperref)                removing `math shift' on input line 65.


Package hyperref Warning: Token not allowed in a PDF string (Unicode):
(hyperref)                removing `\eta' on input line 65.

) [40]
\openout2 = `chapters/ch15_heavy_mesons.aux'.

 (./chapters/ch15_heavy_mesons.tex
Chapter 15.
) [41




] [42



] [43] [44]
\openout2 = `chapters/ch16_pmns_mixing.aux'.

 (./chapters/ch16_pmns_mixing.tex
Chapter 16.

Underfull \vbox (badness 10000) has occurred while \output is active []

 [45


])
[46]
\openout2 = `chapters/ch17_neutrino_masses.aux'.

 (./chapters/ch17_neutrino_masses.tex
Chapter 17.
[47




]) [48] [49



] [50]
\openout2 = `chapters/ch18_ckm_matrix.aux'.

 (./chapters/ch18_ckm_matrix.tex
Chapter 18.

Package hyperref Warning: Token not allowed in a PDF string (Unicode):
(hyperref)                removing `math shift' on input line 60.


Package hyperref Warning: Token not allowed in a PDF string (Unicode):
(hyperref)                removing `subscript' on input line 60.

[51


]

Package hyperref Warning: Token not allowed in a PDF string (Unicode):
(hyperref)                removing `math shift' on input line 66.


Package hyperref Warning: Token not allowed in a PDF string (Unicode):
(hyperref)                removing `subscript' on input line 66.


Package hyperref Warning: Token not allowed in a PDF string (Unicode):
(hyperref)                removing `math shift' on input line 75.

) [52]
\openout2 = `chapters/ch19_ckm_cp_violation.aux'.

 (./chapters/ch19_ckm_cp_violation.tex
Chapter 19.
[53




]) [54] [55



] [56]
\openout2 = `chapters/ch20_higgs_vev.aux'.

 (./chapters/ch20_higgs_vev.tex
Chapter 20.
) [57


]
\openout2 = `chapters/ch21_weinberg_angle.aux'.

 (./chapters/ch21_weinberg_angle.tex [58




]
Chapter 21.
) [59]
\openout2 = `chapters/ch22_fine_structure.aux'.

 (./chapters/ch22_fine_structure.tex [60




]
Chapter 22.
[61]) [62]
\openout2 = `chapters/ch23_gauge_bosons.aux'.

 (./chapters/ch23_gauge_bosons.tex
Chapter 23.

Package hyperref Warning: Token not allowed in a PDF string (Unicode):
(hyperref)                removing `math shift' on input line 22.


Package hyperref Warning: Token not allowed in a PDF string (Unicode):
(hyperref)                removing `math shift' on input line 47.

[63




]

Package hyperref Warning: Token not allowed in a PDF string (Unicode):
(hyperref)                removing `math shift' on input line 67.

) [64]
\openout2 = `chapters/ch24_higgs_mass.aux'.

 (./chapters/ch24_higgs_mass.tex
Chapter 24.
[65




]) [66] [67



] [68]
\openout2 = `chapters/ch25_strong_cp_angle.aux'.

 (./chapters/ch25_strong_cp_angle.tex
Chapter 25.
[69


]) [70]
\openout2 = `chapters/ch26_neutron_edm.aux'.

 (./chapters/ch26_neutron_edm.tex
Chapter 26.
) [71




] [72



] [73] [74]
\openout2 = `chapters/ch27_hypercharge.aux'.

 (./chapters/ch27_hypercharge.tex
Chapter 27.
) [75


]
\openout2 = `chapters/ch28_anomaly_cancellation.aux'.

 (./chapters/ch28_anomaly_cancellation.tex [76




]
Chapter 28.
[77]) [78] [79



] [80]
\openout2 = `chapters/ch29_dark_energy.aux'.

 (./chapters/ch29_dark_energy.tex
Chapter 29.
[81


]) [82] [83



] [84]
\openout2 = `chapters/ch30_parameter_summary.aux'.

 (./chapters/ch30_parameter_summary.tex
Chapter 30.

Underfull \vbox (badness 10000) has occurred while \output is active []

 [85


]
Underfull \vbox (badness 10000) has occurred while \output is active []

 [86])
[87]
\openout2 = `chapters/ch31_open_problems.aux'.

 (./chapters/ch31_open_problems.tex [88




]
Chapter 31.

Package hyperref Warning: Token not allowed in a PDF string (Unicode):
(hyperref)                removing `math shift' on input line 42.

[89]

Package hyperref Warning: Token not allowed in a PDF string (Unicode):
(hyperref)                removing `math shift' on input line 70.


Package hyperref Warning: Token not allowed in a PDF string (Unicode):
(hyperref)                removing `subscript' on input line 70.

) [90]
\openout2 = `appendices/appA_kappa_derivation.aux'.

 (./appendices/appA_kappa_derivation.tex
Appendix A.

Package hyperref Warning: Token not allowed in a PDF string (Unicode):
(hyperref)                removing `math shift' on input line 2.


Package hyperref Warning: Token not allowed in a PDF string (Unicode):
(hyperref)                removing `\kappa' on input line 2.


Package hyperref Warning: Token not allowed in a PDF string (Unicode):
(hyperref)                removing `\ln' on input line 2.


Package hyperref Warning: Token not allowed in a PDF string (Unicode):
(hyperref)                removing `\pi' on input line 2.


Package hyperref Warning: Token not allowed in a PDF string (Unicode):
(hyperref)                removing `math shift' on input line 2.


Package hyperref Warning: Token not allowed in a PDF string (Unicode):
(hyperref)                removing `math shift' on input line 20.


Package hyperref Warning: Token not allowed in a PDF string (Unicode):
(hyperref)                removing `superscript' on input line 20.


Package hyperref Warning: Token not allowed in a PDF string (Unicode):
(hyperref)                removing `math shift' on input line 20.


Package hyperref Warning: Token not allowed in a PDF string (Unicode):
(hyperref)                removing `math shift' on input line 62.


Package hyperref Warning: Token not allowed in a PDF string (Unicode):
(hyperref)                removing `\pi' on input line 62.


Package hyperref Warning: Token not allowed in a PDF string (Unicode):
(hyperref)                removing `math shift' on input line 62.

[91




]) [92]
\openout2 = `appendices/appB_collatz_tables.aux'.

 (./appendices/appB_collatz_tables.tex
Appendix B.

Package hyperref Warning: Token not allowed in a PDF string (Unicode):
(hyperref)                removing `math shift' on input line 16.


Package hyperref Warning: Token not allowed in a PDF string (Unicode):
(hyperref)                removing `subscript' on input line 16.


Package hyperref Warning: Token not allowed in a PDF string (Unicode):
(hyperref)                removing `math shift' on input line 16.

[93




]) [94]
\openout2 = `appendices/appC_su3_primer.aux'.

 (./appendices/appC_su3_primer.tex
Appendix C.
LaTeX Font Info:    Trying to load font information for U+euf on input line 7.
(/usr/share/texlive/texmf-dist/tex/latex/amsfonts/ueuf.fd
File: ueuf.fd 2013/01/14 v3.01 Euler Fraktur
) [95




]) [96]
\openout2 = `appendices/appD_poincare_disk.aux'.


(./appendices/appD_poincare_disk.tex
Appendix D.

Package hyperref Warning: Token not allowed in a PDF string (Unicode):
(hyperref)                removing `math shift' on input line 46.


Package hyperref Warning: Token not allowed in a PDF string (Unicode):
(hyperref)                removing `math shift' on input line 46.

[97




]

Package hyperref Warning: Token not allowed in a PDF string (Unicode):
(hyperref)                removing `math shift' on input line 68.


Package hyperref Warning: Token not allowed in a PDF string (Unicode):
(hyperref)                removing `\kappa' on input line 68.


Package hyperref Warning: Token not allowed in a PDF string (Unicode):
(hyperref)                removing `math shift' on input line 68.

) [98]
\openout2 = `appendices/appE_tetrahedron_algebra.aux'.

 (./appendices/appE_tetrahedron_algebra.tex
Appendix E.
[99




]) [100]
\openout2 = `appendices/appF_baryon_calculations.aux'.

 (./appendices/appF_baryon_calculations.tex
Appendix F.

Overfull \hbox (109.39865pt too wide) detected at line 53
[]
 []


Underfull \vbox (badness 1496) has occurred while \output is active []

 [101




])
[102]
\openout2 = `appendices/appG_meson_calculations.aux'.

 (./appendices/appG_meson_calculations.tex
Appendix G.
[103




]) [104]
\openout2 = `appendices/appH_pdg_tables.aux'.

 (./appendices/appH_pdg_tables.tex
Appendix H.
[105




]) [106]
\openout2 = `appendices/appI_source_code.aux'.

 (./appendices/appI_source_code.tex
Appendix I.
LaTeX Font Info:    Trying to load font information for T1+cmtt on input line 1
1.
(/usr/share/texlive/texmf-dist/tex/latex/base/t1cmtt.fd
File: t1cmtt.fd 2023/04/13 v2.5m Standard LaTeX font definitions
) [107




]) [108] [109



]
[110

]
No file metatime_monograph.ind.
(./metatime_monograph.aux (./chapters/ch01_introduction.aux)
(./chapters/ch02_metatime_framework.aux) (./chapters/ch03_l_constants.aux)
(./chapters/ch04_quark_primes.aux) (./chapters/ch05_electron_action.aux)
(./chapters/ch06_generation_release.aux) (./chapters/ch07_lepton_spectrum.aux)
(./chapters/ch08_gmo_formula.aux) (./chapters/ch09_octet_m0.aux)
(./chapters/ch10_octet_coefficients.aux) (./chapters/ch11_octet_predictions.aux
) (./chapters/ch12_decuplet_m0prime.aux)
(./chapters/ch13_decuplet_predictions.aux)
(./chapters/ch14_pseudoscalar_mesons.aux) (./chapters/ch15_heavy_mesons.aux)
(./chapters/ch16_pmns_mixing.aux) (./chapters/ch17_neutrino_masses.aux)
(./chapters/ch18_ckm_matrix.aux) (./chapters/ch19_ckm_cp_violation.aux)
(./chapters/ch20_higgs_vev.aux) (./chapters/ch21_weinberg_angle.aux)
(./chapters/ch22_fine_structure.aux) (./chapters/ch23_gauge_bosons.aux)
(./chapters/ch24_higgs_mass.aux) (./chapters/ch25_strong_cp_angle.aux)
(./chapters/ch26_neutron_edm.aux) (./chapters/ch27_hypercharge.aux)
(./chapters/ch28_anomaly_cancellation.aux) (./chapters/ch29_dark_energy.aux)
(./chapters/ch30_parameter_summary.aux) (./chapters/ch31_open_problems.aux)
(./appendices/appA_kappa_derivation.aux) (./appendices/appB_collatz_tables.aux)
(./appendices/appC_su3_primer.aux) (./appendices/appD_poincare_disk.aux)
(./appendices/appE_tetrahedron_algebra.aux)
(./appendices/appF_baryon_calculations.aux)
(./appendices/appG_meson_calculations.aux) (./appendices/appH_pdg_tables.aux)
(./appendices/appI_source_code.aux))
 ***********
LaTeX2e <2023-11-01> patch level 1
L3 programming layer <2024-01-22>
 ***********
Package rerunfilecheck Info: File `metatime_monograph.out' has not changed.
(rerunfilecheck)             Checksum: 1C2358E7FC97E8D852B656AA95D0917F;44054.
 ) 
Here is how much of TeX's memory you used:
 13362 strings out of 476106
 228797 string characters out of 5793933
 1947975 words of memory out of 5000000
 34422 multiletter control sequences out of 15000+600000
 595882 words of font info for 144 fonts, out of 8000000 for 9000
 59 hyphenation exceptions out of 8191
 75i,13n,79p,555b,539s stack positions out of 10000i,1000n,20000p,200000b,200000s
 </home/adrian/.texlive2023/texmf-var/fonts/pk/ljfour/jknappen/ec/ecti1095.60
0pk> </home/adrian/.texlive2023/texmf-var/fonts/pk/ljfour/jknappen/ec/ectt1095.
600pk> </home/adrian/.texlive2023/texmf-var/fonts/pk/ljfour/jknappen/ec/ecbx080
0.600pk> </home/adrian/.texlive2023/texmf-var/fonts/pk/ljfour/jknappen/ec/tcrm1
095.600pk> </home/adrian/.texlive2023/texmf-var/fonts/pk/ljfour/jknappen/ec/ecr
m0800.600pk> </home/adrian/.texlive2023/texmf-var/fonts/pk/ljfour/jknappen/ec/e
cbx1440.600pk> </home/adrian/.texlive2023/texmf-var/fonts/pk/ljfour/jknappen/ec
/ecbx2074.600pk> </home/adrian/.texlive2023/texmf-var/fonts/pk/ljfour/jknappen/
ec/ecsl1095.600pk> </home/adrian/.texlive2023/texmf-var/fonts/pk/ljfour/jknappe
n/ec/ecbx1095.600pk> </home/adrian/.texlive2023/texmf-var/fonts/pk/ljfour/jknap
pen/ec/ecbx1200.600pk> </home/adrian/.texlive2023/texmf-var/fonts/pk/ljfour/jkn
appen/ec/ecbx2488.600pk> </home/adrian/.texlive2023/texmf-var/fonts/pk/ljfour/j
knappen/ec/ecrm1095.600pk> </home/adrian/.texlive2023/texmf-var/fonts/pk/ljfour
/jknappen/ec/ecrm1200.600pk> </home/adrian/.texlive2023/texmf-var/fonts/pk/ljfo
ur/jknappen/ec/ecrm1728.600pk></usr/share/texlive/texmf-dist/fonts/type1/public
/amsfonts/cm/cmbx10.pfb></usr/share/texlive/texmf-dist/fonts/type1/public/amsfo
nts/cm/cmbx8.pfb></usr/share/texlive/texmf-dist/fonts/type1/public/amsfonts/cm/
cmex10.pfb></usr/share/texlive/texmf-dist/fonts/type1/public/amsfonts/cm/cmmi10
.pfb></usr/share/texlive/texmf-dist/fonts/type1/public/amsfonts/cm/cmmi12.pfb><
/usr/share/texlive/texmf-dist/fonts/type1/public/amsfonts/cm/cmmi6.pfb></usr/sh
are/texlive/texmf-dist/fonts/type1/public/amsfonts/cm/cmmi8.pfb></usr/share/tex
live/texmf-dist/fonts/type1/public/amsfonts/cm/cmr10.pfb></usr/share/texlive/te
xmf-dist/fonts/type1/public/amsfonts/cm/cmr12.pfb></usr/share/texlive/texmf-dis
t/fonts/type1/public/amsfonts/cm/cmr17.pfb></usr/share/texlive/texmf-dist/fonts
/type1/public/amsfonts/cm/cmr6.pfb></usr/share/texlive/texmf-dist/fonts/type1/p
ublic/amsfonts/cm/cmr8.pfb></usr/share/texlive/texmf-dist/fonts/type1/public/am
sfonts/cm/cmsy10.pfb></usr/share/texlive/texmf-dist/fonts/type1/public/amsfonts
/cm/cmsy6.pfb></usr/share/texlive/texmf-dist/fonts/type1/public/amsfonts/cm/cms
y8.pfb></usr/share/texlive/texmf-dist/fonts/type1/public/amsfonts/euler/eufm10.
pfb></usr/share/texlive/texmf-dist/fonts/type1/public/amsfonts/symbols/msbm10.p
fb>
Output written on metatime_monograph.pdf (120 pages, 582373 bytes).
PDF statistics:
 2828 PDF objects out of 2984 (max. 8388607)
 2067 compressed objects within 21 object streams
 479 named destinations out of 1000 (max. 500000)
 2161 words of extra memory for PDF output out of 10000 (max. 10000000)

