\BOOKMARK [-1][-]{part.1}{\376\377\000I\000\040\000F\000o\000u\000n\000d\000a\000t\000i\000o\000n\000s}{}% 1
\BOOKMARK [0][-]{chapter.1}{\376\377\000I\000n\000t\000r\000o\000d\000u\000c\000t\000i\000o\000n}{part.1}% 2
\BOOKMARK [1][-]{section.1.1}{\376\377\000T\000h\000e\000\040\000P\000r\000o\000b\000l\000e\000m\000\040\000o\000f\000\040\000P\000a\000r\000a\000m\000e\000t\000e\000r\000s}{chapter.1}% 3
\BOOKMARK [1][-]{section.1.2}{\376\377\000Q\000u\000a\000n\000t\000u\000m\000\040\000G\000e\000o\000m\000e\000t\000r\000y\000\040\000a\000s\000\040\000t\000h\000e\000\040\000F\000o\000u\000n\000d\000a\000t\000i\000o\000n}{chapter.1}% 4
\BOOKMARK [1][-]{section.1.3}{\376\377\000T\000h\000e\000\040\000M\000e\000t\000a\000t\000i\000m\000e\000\040\000F\000r\000a\000m\000e\000w\000o\000r\000k}{chapter.1}% 5
\BOOKMARK [1][-]{section.1.4}{\376\377\000P\000h\000i\000l\000o\000s\000o\000p\000h\000y\000\040\000o\000f\000\040\000t\000h\000e\000\040\000F\000r\000a\000m\000e\000w\000o\000r\000k}{chapter.1}% 6
\BOOKMARK [1][-]{section.1.5}{\376\377\000S\000c\000o\000p\000e\000\040\000o\000f\000\040\000T\000h\000i\000s\000\040\000M\000o\000n\000o\000g\000r\000a\000p\000h}{chapter.1}% 7
\BOOKMARK [1][-]{section.1.6}{\376\377\000R\000e\000l\000a\000t\000i\000o\000n\000s\000h\000i\000p\000\040\000t\000o\000\040\000P\000r\000e\000v\000i\000o\000u\000s\000\040\000W\000o\000r\000k}{chapter.1}% 8
\BOOKMARK [0][-]{chapter.2}{\376\377\000T\000h\000e\000\040\000M\000e\000t\000a\000t\000i\000m\000e\000\040\000F\000r\000a\000m\000e\000w\000o\000r\000k}{part.1}% 9
\BOOKMARK [1][-]{section.2.1}{\376\377\000T\000h\000e\000\040\000I\000n\000f\000o\000r\000m\000a\000t\000i\000o\000n\000\040\000C\000o\000n\000s\000t\000a\000n\000t\000\040}{chapter.2}% 10
\BOOKMARK [2][-]{subsection.2.1.1}{\376\377\000B\000e\000r\000r\000y\000\040\000P\000h\000a\000s\000e\000\040\000o\000n\000\040\000t\000h\000e\000\040\000P\000o\000i\000n\000c\000a\000r\000\351\000\040\000D\000i\000s\000k}{section.2.1}% 11
\BOOKMARK [2][-]{subsection.2.1.2}{\376\377\000S\000h\000a\000n\000n\000o\000n\000\040\000I\000n\000f\000o\000r\000m\000a\000t\000i\000o\000n}{section.2.1}% 12
\BOOKMARK [2][-]{subsection.2.1.3}{\376\377\000T\000e\000t\000r\000a\000h\000e\000d\000r\000a\000l\000\040\000S\000y\000m\000m\000e\000t\000r\000y\000\040\000o\000f\000\040\000T\000h\000r\000e\000e\000-\000F\000l\000a\000v\000o\000u\000r\000\040\000S\000p\000a\000c\000e}{section.2.1}% 13
\BOOKMARK [2][-]{subsection.2.1.4}{\376\377\000C\000o\000n\000s\000t\000r\000u\000c\000t\000i\000o\000n\000\040\000o\000f\000\040}{section.2.1}% 14
\BOOKMARK [1][-]{section.2.2}{\376\377\000T\000h\000e\000\040\000E\000x\000p\000o\000n\000e\000n\000t\000i\000a\000l\000\040\000M\000a\000s\000s\000\040\000F\000o\000r\000m\000u\000l\000a}{chapter.2}% 15
\BOOKMARK [2][-]{subsection.2.2.1}{\376\377\000W\000h\000y\000\040\000t\000h\000e\000\040\000E\000x\000p\000o\000n\000e\000n\000t\000i\000a\000l\000\040\000F\000o\000r\000m\000?}{section.2.2}% 16
\BOOKMARK [1][-]{section.2.3}{\376\377\000A\000c\000t\000i\000o\000n\000\040\000C\000o\000n\000s\000t\000r\000u\000c\000t\000i\000o\000n\000\040\000P\000r\000i\000n\000c\000i\000p\000l\000e\000s}{chapter.2}% 17
\BOOKMARK [1][-]{section.2.4}{\376\377\000T\000h\000e\000\040\000N\000O\000E\000M\000A\000\040\000T\000e\000t\000r\000a\000h\000e\000d\000r\000o\000n}{chapter.2}% 18
\BOOKMARK [1][-]{section.2.5}{\376\377\000E\000x\000t\000e\000r\000n\000a\000l\000\040\000S\000c\000a\000l\000e\000s\000\040\000a\000n\000d\000\040\000I\000n\000p\000u\000t\000s}{chapter.2}% 19
\BOOKMARK [0][-]{chapter.3}{\376\377\000T\000h\000e\000\040\000L\000-\000C\000o\000n\000s\000t\000a\000n\000t\000s}{part.1}% 20
\BOOKMARK [1][-]{section.3.1}{\376\377\000T\000h\000e\000\040\000C\000o\000l\000l\000a\000t\000z\000\040\000I\000t\000e\000r\000a\000t\000i\000o\000n}{chapter.3}% 21
\BOOKMARK [2][-]{subsection.3.1.1}{\376\377\000C\000o\000l\000l\000a\000t\000z\000\040\000D\000e\000p\000t\000h\000\040\000o\000f\000\040\0003}{section.3.1}% 22
\BOOKMARK [1][-]{section.3.2}{\376\377\000T\000h\000e\000\040\000T\000w\000i\000n\000-\000P\000r\000i\000m\000e\000\040\000C\000o\000n\000s\000t\000a\000n\000t\000s}{chapter.3}% 23
\BOOKMARK [1][-]{section.3.3}{\376\377\000C\000o\000m\000p\000o\000s\000i\000t\000e\000\040\000C\000o\000n\000s\000t\000a\000n\000t\000s}{chapter.3}% 24
\BOOKMARK [1][-]{section.3.4}{\376\377\000P\000h\000y\000s\000i\000c\000a\000l\000\040\000I\000n\000t\000e\000r\000p\000r\000e\000t\000a\000t\000i\000o\000n}{chapter.3}% 25
\BOOKMARK [0][-]{chapter.4}{\376\377\000Q\000u\000a\000r\000k\000\040\000P\000r\000i\000m\000e\000s}{part.1}% 26
\BOOKMARK [1][-]{section.4.1}{\376\377\000A\000s\000s\000i\000g\000n\000m\000e\000n\000t\000\040\000P\000r\000i\000n\000c\000i\000p\000l\000e}{chapter.4}% 27
\BOOKMARK [1][-]{section.4.2}{\376\377\000F\000l\000a\000v\000o\000u\000r\000\040\000G\000e\000o\000m\000e\000t\000r\000y}{chapter.4}% 28
\BOOKMARK [1][-]{section.4.3}{\376\377\000S\000u\000m\000\040\000a\000n\000d\000\040\000D\000i\000f\000f\000e\000r\000e\000n\000c\000e\000\040\000C\000o\000m\000b\000i\000n\000a\000t\000i\000o\000n\000s}{chapter.4}% 29
\BOOKMARK [1][-]{section.4.4}{\376\377\000P\000h\000y\000s\000i\000c\000a\000l\000\040\000I\000n\000t\000e\000r\000p\000r\000e\000t\000a\000t\000i\000o\000n}{chapter.4}% 30
\BOOKMARK [-1][-]{part.2}{\376\377\000I\000I\000\040\000C\000h\000a\000r\000g\000e\000d\000\040\000L\000e\000p\000t\000o\000n\000s}{}% 31
\BOOKMARK [0][-]{chapter.5}{\376\377\000E\000l\000e\000c\000t\000r\000o\000n\000\040\000A\000c\000t\000i\000o\000n}{part.2}% 32
\BOOKMARK [1][-]{section.5.1}{\376\377\000S\000p\000i\000n\000-\0001\000/\0002\000\040\000D\000e\000g\000e\000n\000e\000r\000a\000c\000y}{chapter.5}% 33
\BOOKMARK [1][-]{section.5.2}{\376\377\000T\000h\000r\000e\000e\000-\000G\000e\000n\000e\000r\000a\000t\000i\000o\000n\000\040\000I\000n\000f\000o\000r\000m\000a\000t\000i\000o\000n\000\040\000D\000e\000f\000i\000c\000i\000t}{chapter.5}% 34
\BOOKMARK [1][-]{section.5.3}{\376\377\000C\000o\000l\000l\000a\000t\000z\000\040\000C\000h\000a\000n\000n\000e\000l\000\040\000C\000o\000r\000r\000e\000c\000t\000i\000o\000n}{chapter.5}% 35
\BOOKMARK [1][-]{section.5.4}{\376\377\000S\000e\000c\000o\000n\000d\000-\000O\000r\000d\000e\000r\000\040\000C\000u\000r\000v\000a\000t\000u\000r\000e\000\040\000C\000o\000r\000r\000e\000c\000t\000i\000o\000n}{chapter.5}% 36
\BOOKMARK [1][-]{section.5.5}{\376\377\000F\000u\000l\000l\000\040\000E\000v\000a\000l\000u\000a\000t\000i\000o\000n}{chapter.5}% 37
\BOOKMARK [1][-]{section.5.6}{\376\377\000M\000a\000s\000s\000\040\000P\000r\000e\000d\000i\000c\000t\000i\000o\000n}{chapter.5}% 38
\BOOKMARK [0][-]{chapter.6}{\376\377\000G\000e\000n\000e\000r\000a\000t\000i\000o\000n\000\040\000R\000e\000l\000e\000a\000s\000e\000\040\000O\000p\000e\000r\000a\000t\000o\000r\000s}{part.2}% 39
\BOOKMARK [1][-]{section.6.1}{\376\377\000E\000l\000e\000c\000t\000r\000o\000n\000-\000t\000o\000-\000M\000u\000o\000n\000\040\000T\000r\000a\000n\000s\000i\000t\000i\000o\000n}{chapter.6}% 40
\BOOKMARK [2][-]{subsection.6.1.1}{\376\377\000T\000e\000r\000m\000-\000b\000y\000-\000T\000e\000r\000m\000\040\000D\000e\000r\000i\000v\000a\000t\000i\000o\000n}{section.6.1}% 41
\BOOKMARK [2][-]{subsection.6.1.2}{\376\377\000N\000u\000m\000e\000r\000i\000c\000a\000l\000\040\000E\000v\000a\000l\000u\000a\000t\000i\000o\000n}{section.6.1}% 42
\BOOKMARK [1][-]{section.6.2}{\376\377\000M\000u\000o\000n\000-\000t\000o\000-\000T\000a\000u\000\040\000T\000r\000a\000n\000s\000i\000t\000i\000o\000n}{chapter.6}% 43
\BOOKMARK [2][-]{subsection.6.2.1}{\376\377\000T\000e\000r\000m\000-\000b\000y\000-\000T\000e\000r\000m\000\040\000D\000e\000r\000i\000v\000a\000t\000i\000o\000n}{section.6.2}% 44
\BOOKMARK [2][-]{subsection.6.2.2}{\376\377\000N\000u\000m\000e\000r\000i\000c\000a\000l\000\040\000E\000v\000a\000l\000u\000a\000t\000i\000o\000n}{section.6.2}% 45
\BOOKMARK [1][-]{section.6.3}{\376\377\000M\000u\000o\000n\000\040\000a\000n\000d\000\040\000T\000a\000u\000\040\000A\000c\000t\000i\000o\000n\000s}{chapter.6}% 46
\BOOKMARK [1][-]{section.6.4}{\376\377\000A\000c\000t\000i\000o\000n\000\040\000S\000u\000m\000m\000a\000r\000y}{chapter.6}% 47
\BOOKMARK [0][-]{chapter.7}{\376\377\000L\000e\000p\000t\000o\000n\000\040\000M\000a\000s\000s\000\040\000S\000p\000e\000c\000t\000r\000u\000m}{part.2}% 48
\BOOKMARK [1][-]{section.7.1}{\376\377\000M\000a\000s\000s\000\040\000C\000a\000l\000c\000u\000l\000a\000t\000i\000o\000n}{chapter.7}% 49
\BOOKMARK [2][-]{subsection.7.1.1}{\376\377\000E\000l\000e\000c\000t\000r\000o\000n}{section.7.1}% 50
\BOOKMARK [2][-]{subsection.7.1.2}{\376\377\000M\000u\000o\000n}{section.7.1}% 51
\BOOKMARK [2][-]{subsection.7.1.3}{\376\377\000T\000a\000u}{section.7.1}% 52
\BOOKMARK [1][-]{section.7.2}{\376\377\000R\000e\000s\000u\000l\000t\000s\000\040\000a\000n\000d\000\040\000C\000o\000m\000p\000a\000r\000i\000s\000o\000n}{chapter.7}% 53
\BOOKMARK [1][-]{section.7.3}{\376\377\000E\000r\000r\000o\000r\000\040\000A\000n\000a\000l\000y\000s\000i\000s}{chapter.7}% 54
\BOOKMARK [1][-]{section.7.4}{\376\377\000E\000x\000p\000o\000n\000e\000n\000t\000i\000a\000l\000\040\000S\000e\000n\000s\000i\000t\000i\000v\000i\000t\000y}{chapter.7}% 55
\BOOKMARK [-1][-]{part.3}{\376\377\000I\000I\000I\000\040\000B\000a\000r\000y\000o\000n\000s}{}% 56
\BOOKMARK [0][-]{chapter.8}{\376\377\000T\000h\000e\000\040\000G\000e\000l\000l\000-\000M\000a\000n\000n\040\023\000O\000k\000u\000b\000o\000\040\000M\000a\000s\000s\000\040\000F\000o\000r\000m\000u\000l\000a}{part.3}% 57
\BOOKMARK [1][-]{section.8.1}{\376\377\000H\000i\000s\000t\000o\000r\000i\000c\000a\000l\000\040\000B\000a\000c\000k\000g\000r\000o\000u\000n\000d}{chapter.8}% 58
\BOOKMARK [1][-]{section.8.2}{\376\377\000D\000e\000r\000i\000v\000a\000t\000i\000o\000n\000\040\000f\000r\000o\000m\000\040\000S\000U\000\050\0003\000\051\000\040\000B\000r\000e\000a\000k\000i\000n\000g}{chapter.8}% 59
\BOOKMARK [1][-]{section.8.3}{\376\377\000G\000M\000O\000\040\000R\000e\000l\000a\000t\000i\000o\000n\000s}{chapter.8}% 60
\BOOKMARK [1][-]{section.8.4}{\376\377\000G\000M\000O\000\040\000i\000n\000\040\000t\000h\000e\000\040\000M\000e\000t\000a\000t\000i\000m\000e\000\040\000F\000r\000a\000m\000e\000w\000o\000r\000k}{chapter.8}% 61
\BOOKMARK [0][-]{chapter.9}{\376\377\000D\000e\000r\000i\000v\000a\000t\000i\000o\000n\000\040\000o\000f\000\040\000t\000h\000e\000\040\000O\000c\000t\000e\000t\000\040\000C\000o\000m\000m\000o\000n\000\040\000M\000a\000s\000s\000\040\000M\0000}{part.3}% 62
\BOOKMARK [1][-]{section.9.1}{\376\377\000P\000h\000y\000s\000i\000c\000a\000l\000\040\000P\000r\000i\000n\000c\000i\000p\000l\000e}{chapter.9}% 63
\BOOKMARK [1][-]{section.9.2}{\376\377\000D\000e\000r\000i\000v\000a\000t\000i\000o\000n}{chapter.9}% 64
\BOOKMARK [1][-]{section.9.3}{\376\377\000N\000u\000m\000e\000r\000i\000c\000a\000l\000\040\000E\000v\000a\000l\000u\000a\000t\000i\000o\000n}{chapter.9}% 65
\BOOKMARK [1][-]{section.9.4}{\376\377\000C\000o\000n\000s\000i\000s\000t\000e\000n\000c\000y\000\040\000C\000h\000e\000c\000k\000\040\000w\000i\000t\000h\000\040}{chapter.9}% 66
\BOOKMARK [1][-]{section.9.5}{\376\377\000P\000h\000y\000s\000i\000c\000a\000l\000\040\000I\000n\000t\000e\000r\000p\000r\000e\000t\000a\000t\000i\000o\000n}{chapter.9}% 67
\BOOKMARK [0][-]{chapter.10}{\376\377\000O\000c\000t\000e\000t\000\040\000G\000M\000O\000\040\000C\000o\000e\000f\000f\000i\000c\000i\000e\000n\000t\000s\000\040\000f\000r\000o\000m\000\040\000J\000-\000K\000J\000\040\000E\000i\000g\000e\000n\000v\000a\000l\000u\000e\000s}{part.3}% 68
\BOOKMARK [1][-]{section.10.1}{\376\377\000T\000h\000e\000\040\000J\000-\000K\000J\000\040\000A\000x\000i\000a\000l\000\040\000V\000e\000c\000t\000o\000r}{chapter.10}% 69
\BOOKMARK [1][-]{section.10.2}{\376\377\000C\000o\000e\000f\000f\000i\000c\000i\000e\000n\000t\000\040}{chapter.10}% 70
\BOOKMARK [1][-]{section.10.3}{\376\377\000C\000o\000e\000f\000f\000i\000c\000i\000e\000n\000t\000\040}{chapter.10}% 71
\BOOKMARK [1][-]{section.10.4}{\376\377\000C\000o\000e\000f\000f\000i\000c\000i\000e\000n\000t\000\040}{chapter.10}% 72
\BOOKMARK [1][-]{section.10.5}{\376\377\000D\000e\000r\000i\000v\000a\000t\000i\000o\000n\000\040\000S\000u\000m\000m\000a\000r\000y}{chapter.10}% 73
\BOOKMARK [1][-]{section.10.6}{\376\377\000C\000o\000m\000p\000a\000r\000i\000s\000o\000n\000\040\000w\000i\000t\000h\000\040\000P\000D\000G\000-\000F\000i\000t\000t\000e\000d\000\040\000V\000a\000l\000u\000e\000s}{chapter.10}% 74
\BOOKMARK [1][-]{section.10.7}{\376\377\000W\000h\000y\000\040\000t\000h\000e\000\040\000E\000a\000r\000l\000i\000e\000r\000\040\000C\000o\000e\000f\000f\000i\000c\000i\000e\000n\000t\000s\000\040\000W\000e\000r\000e\000\040\000I\000n\000c\000o\000r\000r\000e\000c\000t}{chapter.10}% 75
\BOOKMARK [0][-]{chapter.11}{\376\377\000O\000c\000t\000e\000t\000\040\000M\000a\000s\000s\000\040\000P\000r\000e\000d\000i\000c\000t\000i\000o\000n\000s}{part.3}% 76
\BOOKMARK [1][-]{section.11.1}{\376\377\000M\000a\000s\000s\000\040\000C\000a\000l\000c\000u\000l\000a\000t\000i\000o\000n}{chapter.11}% 77
\BOOKMARK [1][-]{section.11.2}{\376\377\000C\000o\000m\000p\000l\000e\000t\000e\000\040\000T\000a\000b\000l\000e}{chapter.11}% 78
\BOOKMARK [1][-]{section.11.3}{\376\377\000T\000h\000e\000\040\000G\000e\000l\000l\000-\000M\000a\000n\000n\040\023\000O\000k\000u\000b\000o\000\040\000R\000e\000l\000a\000t\000i\000o\000n}{chapter.11}% 79
\BOOKMARK [1][-]{section.11.4}{\376\377\000C\000o\000m\000p\000a\000r\000i\000s\000o\000n\000\040\000w\000i\000t\000h\000\040\000P\000r\000e\000v\000i\000o\000u\000s\000\040\000V\000e\000r\000s\000i\000o\000n}{chapter.11}% 80
\BOOKMARK [0][-]{chapter.12}{\376\377\000D\000e\000r\000i\000v\000a\000t\000i\000o\000n\000\040\000o\000f\000\040\000t\000h\000e\000\040\000D\000e\000c\000u\000p\000l\000e\000t\000\040\000C\000o\000m\000m\000o\000n\000\040\000M\000a\000s\000s\000\040\000M\0000\000'}{part.3}% 81
\BOOKMARK [1][-]{section.12.1}{\376\377\000P\000h\000y\000s\000i\000c\000a\000l\000\040\000P\000r\000i\000n\000c\000i\000p\000l\000e}{chapter.12}% 82
\BOOKMARK [1][-]{section.12.2}{\376\377\000D\000e\000r\000i\000v\000a\000t\000i\000o\000n}{chapter.12}% 83
\BOOKMARK [1][-]{section.12.3}{\376\377\000N\000u\000m\000e\000r\000i\000c\000a\000l\000\040\000E\000v\000a\000l\000u\000a\000t\000i\000o\000n}{chapter.12}% 84
\BOOKMARK [1][-]{section.12.4}{\376\377\000C\000o\000m\000p\000a\000r\000i\000s\000o\000n\000\040\000w\000i\000t\000h\000\040\000t\000h\000e\000\040\000O\000c\000t\000e\000t\000\040\000S\000c\000a\000l\000e}{chapter.12}% 85
\BOOKMARK [1][-]{section.12.5}{\376\377\000C\000o\000n\000s\000i\000s\000t\000e\000n\000c\000y\000\040\000C\000h\000e\000c\000k\000\040\000w\000i\000t\000h\000\040\000-}{chapter.12}% 86
\BOOKMARK [0][-]{chapter.13}{\376\377\000D\000e\000c\000u\000p\000l\000e\000t\000\040\000C\000o\000e\000f\000f\000i\000c\000i\000e\000n\000t\000s\000\040\000a\000n\000d\000\040\000M\000a\000s\000s\000e\000s}{part.3}% 87
\BOOKMARK [1][-]{section.13.1}{\376\377\000D\000e\000c\000u\000p\000l\000e\000t\000\040\000G\000M\000O\000\040\000C\000o\000e\000f\000f\000i\000c\000i\000e\000n\000t\000s}{chapter.13}% 88
\BOOKMARK [2][-]{subsection.13.1.1}{\376\377\000C\000o\000e\000f\000f\000i\000c\000i\000e\000n\000t\000\040\0001\0000}{section.13.1}% 89
\BOOKMARK [2][-]{subsection.13.1.2}{\376\377\000C\000o\000e\000f\000f\000i\000c\000i\000e\000n\000t\000\040\0001\0000}{section.13.1}% 90
\BOOKMARK [1][-]{section.13.2}{\376\377\000M\000a\000s\000s\000\040\000C\000a\000l\000c\000u\000l\000a\000t\000i\000o\000n}{chapter.13}% 91
\BOOKMARK [1][-]{section.13.3}{\376\377\000C\000o\000m\000p\000l\000e\000t\000e\000\040\000T\000a\000b\000l\000e}{chapter.13}% 92
\BOOKMARK [1][-]{section.13.4}{\376\377\000D\000i\000s\000c\000u\000s\000s\000i\000o\000n}{chapter.13}% 93
\BOOKMARK [-1][-]{part.4}{\376\377\000I\000V\000\040\000M\000e\000s\000o\000n\000s}{}% 94
\BOOKMARK [0][-]{chapter.14}{\376\377\000P\000s\000e\000u\000d\000o\000s\000c\000a\000l\000a\000r\000\040\000M\000e\000s\000o\000n\000s}{part.4}% 95
\BOOKMARK [1][-]{section.14.1}{\376\377\000T\000h\000e\000\040\000K\000u\000r\000a\000m\000o\000t\000o\000\040\000M\000o\000d\000e\000l\000\040\000o\000n\000\040\000t\000h\000e\000\040\000P\000o\000i\000n\000c\000a\000r\000\351\000\040\000D\000i\000s\000k}{chapter.14}% 96
\BOOKMARK [1][-]{section.14.2}{\376\377\000P\000i\000o\000n\000\040\000M\000a\000s\000s}{chapter.14}% 97
\BOOKMARK [1][-]{section.14.3}{\376\377\000K\000a\000o\000n\000\040\000M\000a\000s\000s}{chapter.14}% 98
\BOOKMARK [1][-]{section.14.4}{\376\377\000T\000h\000e\000\040\000\040\000a\000n\000d\000\040\000'\000\040\000M\000e\000s\000o\000n\000s}{chapter.14}% 99
\BOOKMARK [1][-]{section.14.5}{\376\377\000R\000e\000s\000u\000l\000t\000s\000\040\000S\000u\000m\000m\000a\000r\000y}{chapter.14}% 100
\BOOKMARK [0][-]{chapter.15}{\376\377\000H\000e\000a\000v\000y\000\040\000a\000n\000d\000\040\000V\000e\000c\000t\000o\000r\000\040\000M\000e\000s\000o\000n\000s}{part.4}% 101
\BOOKMARK [1][-]{section.15.1}{\376\377\000Z\000e\000t\000a\000-\000O\000p\000e\000r\000a\000t\000o\000r\000\040\000S\000p\000e\000c\000t\000r\000u\000m}{chapter.15}% 102
\BOOKMARK [1][-]{section.15.2}{\376\377\000O\000p\000e\000n\000\040\000F\000l\000a\000v\000o\000u\000r\000\040\000S\000t\000a\000t\000e\000s}{chapter.15}% 103
\BOOKMARK [1][-]{section.15.3}{\376\377\000H\000i\000d\000d\000e\000n\000\040\000F\000l\000a\000v\000o\000u\000r\000\040\000S\000t\000a\000t\000e\000s}{chapter.15}% 104
\BOOKMARK [-1][-]{part.5}{\376\377\000V\000\040\000N\000e\000u\000t\000r\000i\000n\000o\000s}{}% 105
\BOOKMARK [0][-]{chapter.16}{\376\377\000N\000e\000u\000t\000r\000i\000n\000o\000\040\000P\000M\000N\000S\000\040\000M\000i\000x\000i\000n\000g}{part.5}% 106
\BOOKMARK [1][-]{section.16.1}{\376\377\000T\000e\000t\000r\000a\000h\000e\000d\000r\000o\000n\000\040\000E\000d\000g\000e\000\040\000L\000e\000n\000g\000t\000h\000s}{chapter.16}% 107
\BOOKMARK [1][-]{section.16.2}{\376\377\000M\000i\000x\000i\000n\000g\000\040\000A\000n\000g\000l\000e\000s}{chapter.16}% 108
\BOOKMARK [1][-]{section.16.3}{\376\377\000C\000o\000m\000p\000a\000r\000i\000s\000o\000n\000\040\000w\000i\000t\000h\000\040\000P\000D\000G}{chapter.16}% 109
\BOOKMARK [0][-]{chapter.17}{\376\377\000N\000e\000u\000t\000r\000i\000n\000o\000\040\000M\000a\000s\000s\000e\000s}{part.5}% 110
\BOOKMARK [1][-]{section.17.1}{\376\377\000B\000a\000s\000e\000\040\000A\000c\000t\000i\000o\000n}{chapter.17}% 111
\BOOKMARK [1][-]{section.17.2}{\376\377\000A\000c\000t\000i\000o\000n\000\040\000O\000f\000f\000s\000e\000t}{chapter.17}% 112
\BOOKMARK [1][-]{section.17.3}{\376\377\000F\000i\000r\000s\000t\000-\000G\000e\000n\000e\000r\000a\000t\000i\000o\000n\000\040\000A\000c\000t\000i\000o\000n}{chapter.17}% 113
\BOOKMARK [1][-]{section.17.4}{\376\377\000M\000a\000s\000s\000\040\000R\000a\000t\000i\000o\000s}{chapter.17}% 114
\BOOKMARK [1][-]{section.17.5}{\376\377\000M\000a\000s\000s\000\040\000C\000a\000l\000c\000u\000l\000a\000t\000i\000o\000n}{chapter.17}% 115
\BOOKMARK [1][-]{section.17.6}{\376\377\000M\000a\000s\000s\000\040\000S\000p\000l\000i\000t\000t\000i\000n\000g\000s}{chapter.17}% 116
\BOOKMARK [1][-]{section.17.7}{\376\377\000R\000e\000s\000u\000l\000t\000s\000\040\000S\000u\000m\000m\000a\000r\000y}{chapter.17}% 117
\BOOKMARK [-1][-]{part.6}{\376\377\000V\000I\000\040\000C\000K\000M\000\040\000Q\000u\000a\000r\000k\000\040\000M\000i\000x\000i\000n\000g}{}% 118
\BOOKMARK [0][-]{chapter.18}{\376\377\000C\000K\000M\000\040\000Q\000u\000a\000r\000k\000\040\000M\000i\000x\000i\000n\000g\000\040\000M\000a\000t\000r\000i\000x}{part.6}% 119
\BOOKMARK [1][-]{section.18.1}{\376\377\000W\000o\000l\000f\000e\000n\000s\000t\000e\000i\000n\000\040\000P\000a\000r\000a\000m\000e\000t\000e\000r\000i\000z\000a\000t\000i\000o\000n}{chapter.18}% 120
\BOOKMARK [1][-]{section.18.2}{\376\377\000C\000a\000b\000i\000b\000b\000o\000\040\000A\000n\000g\000l\000e}{chapter.18}% 121
\BOOKMARK [2][-]{subsection.18.2.1}{\376\377\000T\000e\000r\000m\000-\000b\000y\000-\000T\000e\000r\000m\000\040\000B\000r\000e\000a\000k\000d\000o\000w\000n}{section.18.2}% 122
\BOOKMARK [2][-]{subsection.18.2.2}{\376\377\000N\000u\000m\000e\000r\000i\000c\000a\000l\000\040\000E\000v\000a\000l\000u\000a\000t\000i\000o\000n}{section.18.2}% 123
\BOOKMARK [1][-]{section.18.3}{\376\377\000O\000t\000h\000e\000r\000\040\000W\000o\000l\000f\000e\000n\000s\000t\000e\000i\000n\000\040\000P\000a\000r\000a\000m\000e\000t\000e\000r\000s}{chapter.18}% 124
\BOOKMARK [2][-]{subsection.18.3.1}{\376\377\000|\000V\000c\000b\000|}{section.18.3}% 125
\BOOKMARK [2][-]{subsection.18.3.2}{\376\377\000|\000V\000u\000b\000|}{section.18.3}% 126
\BOOKMARK [2][-]{subsection.18.3.3}{\376\377\000A}{section.18.3}% 127
\BOOKMARK [2][-]{subsection.18.3.4}{\376\377\000J\000a\000r\000l\000s\000k\000o\000g\000\040\000I\000n\000v\000a\000r\000i\000a\000n\000t}{section.18.3}% 128
\BOOKMARK [1][-]{section.18.4}{\376\377\000F\000u\000l\000l\000\040\000C\000K\000M\000\040\000M\000a\000t\000r\000i\000x}{chapter.18}% 129
\BOOKMARK [1][-]{section.18.5}{\376\377\000C\000o\000m\000p\000a\000r\000i\000s\000o\000n\000\040\000w\000i\000t\000h\000\040\000P\000D\000G}{chapter.18}% 130
\BOOKMARK [0][-]{chapter.19}{\376\377\000C\000K\000M\000\040\000C\000P\000\040\000V\000i\000o\000l\000a\000t\000i\000o\000n}{part.6}% 131
\BOOKMARK [1][-]{section.19.1}{\376\377\000D\000i\000r\000e\000c\000t\000\040\000G\000e\000o\000m\000e\000t\000r\000i\000c\000\040\000P\000h\000a\000s\000e}{chapter.19}% 132
\BOOKMARK [1][-]{section.19.2}{\376\377\000C\000o\000m\000p\000a\000r\000i\000s\000o\000n\000\040\000w\000i\000t\000h\000\040\000P\000D\000G}{chapter.19}% 133
\BOOKMARK [1][-]{section.19.3}{\376\377\000J\000a\000r\000l\000s\000k\000o\000g\000\040\000I\000n\000v\000a\000r\000i\000a\000n\000t\000\040\000C\000o\000n\000s\000i\000s\000t\000e\000n\000c\000y\000\040\000C\000h\000e\000c\000k}{chapter.19}% 134
\BOOKMARK [1][-]{section.19.4}{\376\377\000W\000h\000y\000\040\000t\000h\000e\000\040\000E\000a\000r\000l\000i\000e\000r\000\040\000D\000e\000r\000i\000v\000a\000t\000i\000o\000n\000\040\000F\000a\000i\000l\000e\000d}{chapter.19}% 135
\BOOKMARK [-1][-]{part.7}{\376\377\000V\000I\000I\000\040\000E\000l\000e\000c\000t\000r\000o\000w\000e\000a\000k\000\040\000S\000e\000c\000t\000o\000r}{}% 136
\BOOKMARK [0][-]{chapter.20}{\376\377\000H\000i\000g\000g\000s\000\040\000V\000a\000c\000u\000u\000m\000\040\000E\000x\000p\000e\000c\000t\000a\000t\000i\000o\000n\000\040\000V\000a\000l\000u\000e}{part.7}% 137
\BOOKMARK [1][-]{section.20.1}{\376\377\000D\000e\000r\000i\000v\000a\000t\000i\000o\000n}{chapter.20}% 138
\BOOKMARK [2][-]{subsection.20.1.1}{\376\377\000T\000e\000r\000m\000-\000b\000y\000-\000T\000e\000r\000m\000\040\000B\000r\000e\000a\000k\000d\000o\000w\000n}{section.20.1}% 139
\BOOKMARK [2][-]{subsection.20.1.2}{\376\377\000N\000u\000m\000e\000r\000i\000c\000a\000l\000\040\000E\000v\000a\000l\000u\000a\000t\000i\000o\000n}{section.20.1}% 140
\BOOKMARK [1][-]{section.20.2}{\376\377\000C\000o\000m\000p\000a\000r\000i\000s\000o\000n\000\040\000w\000i\000t\000h\000\040\000P\000D\000G}{chapter.20}% 141
\BOOKMARK [1][-]{section.20.3}{\376\377\000P\000h\000y\000s\000i\000c\000a\000l\000\040\000I\000n\000t\000e\000r\000p\000r\000e\000t\000a\000t\000i\000o\000n}{chapter.20}% 142
\BOOKMARK [0][-]{chapter.21}{\376\377\000W\000e\000i\000n\000b\000e\000r\000g\000\040\000A\000n\000g\000l\000e}{part.7}% 143
\BOOKMARK [1][-]{section.21.1}{\376\377\000D\000e\000r\000i\000v\000a\000t\000i\000o\000n}{chapter.21}% 144
\BOOKMARK [2][-]{subsection.21.1.1}{\376\377\000T\000e\000r\000m\000-\000b\000y\000-\000T\000e\000r\000m\000\040\000B\000r\000e\000a\000k\000d\000o\000w\000n}{section.21.1}% 145
\BOOKMARK [2][-]{subsection.21.1.2}{\376\377\000N\000u\000m\000e\000r\000i\000c\000a\000l\000\040\000E\000v\000a\000l\000u\000a\000t\000i\000o\000n}{section.21.1}% 146
\BOOKMARK [1][-]{section.21.2}{\376\377\000C\000o\000m\000p\000a\000r\000i\000s\000o\000n\000\040\000w\000i\000t\000h\000\040\000P\000D\000G}{chapter.21}% 147
\BOOKMARK [1][-]{section.21.3}{\376\377\000D\000e\000r\000i\000v\000e\000d\000\040\000Q\000u\000a\000n\000t\000i\000t\000i\000e\000s}{chapter.21}% 148
\BOOKMARK [0][-]{chapter.22}{\376\377\000T\000h\000e\000\040\000F\000i\000n\000e\000-\000S\000t\000r\000u\000c\000t\000u\000r\000e\000\040\000C\000o\000n\000s\000t\000a\000n\000t}{part.7}% 149
\BOOKMARK [1][-]{section.22.1}{\376\377\000D\000e\000r\000i\000v\000a\000t\000i\000o\000n}{chapter.22}% 150
\BOOKMARK [2][-]{subsection.22.1.1}{\376\377\000T\000e\000r\000m\000-\000b\000y\000-\000T\000e\000r\000m\000\040\000B\000r\000e\000a\000k\000d\000o\000w\000n}{section.22.1}% 151
\BOOKMARK [2][-]{subsection.22.1.2}{\376\377\000N\000u\000m\000e\000r\000i\000c\000a\000l\000\040\000E\000v\000a\000l\000u\000a\000t\000i\000o\000n}{section.22.1}% 152
\BOOKMARK [1][-]{section.22.2}{\376\377\000C\000o\000m\000p\000a\000r\000i\000s\000o\000n\000\040\000w\000i\000t\000h\000\040\000P\000D\000G}{chapter.22}% 153
\BOOKMARK [1][-]{section.22.3}{\376\377\000P\000h\000y\000s\000i\000c\000a\000l\000\040\000I\000n\000t\000e\000r\000p\000r\000e\000t\000a\000t\000i\000o\000n}{chapter.22}% 154
\BOOKMARK [0][-]{chapter.23}{\376\377\000G\000a\000u\000g\000e\000\040\000B\000o\000s\000o\000n\000\040\000M\000a\000s\000s\000e\000s}{part.7}% 155
\BOOKMARK [1][-]{section.23.1}{\376\377\000S\000U\000\050\0002\000\051\000\040\000G\000a\000u\000g\000e\000\040\000C\000o\000u\000p\000l\000i\000n\000g}{chapter.23}% 156
\BOOKMARK [1][-]{section.23.2}{\376\377\000W\000\040\000B\000o\000s\000o\000n\000\040\000M\000a\000s\000s}{chapter.23}% 157
\BOOKMARK [1][-]{section.23.3}{\376\377\000C\000o\000m\000p\000a\000r\000i\000s\000o\000n\000\040\000w\000i\000t\000h\000\040\000P\000D\000G}{chapter.23}% 158
\BOOKMARK [1][-]{section.23.4}{\376\377\000Z\000\040\000B\000o\000s\000o\000n\000\040\000M\000a\000s\000s}{chapter.23}% 159
\BOOKMARK [1][-]{section.23.5}{\376\377\000C\000o\000m\000p\000a\000r\000i\000s\000o\000n\000\040\000w\000i\000t\000h\000\040\000P\000D\000G}{chapter.23}% 160
\BOOKMARK [1][-]{section.23.6}{\376\377\000Z\000/\000W\000\040\000M\000a\000s\000s\000\040\000R\000a\000t\000i\000o}{chapter.23}% 161
\BOOKMARK [1][-]{section.23.7}{\376\377\000D\000i\000s\000c\000u\000s\000s\000i\000o\000n}{chapter.23}% 162
\BOOKMARK [0][-]{chapter.24}{\376\377\000H\000i\000g\000g\000s\000\040\000B\000o\000s\000o\000n\000\040\000M\000a\000s\000s}{part.7}% 163
\BOOKMARK [1][-]{section.24.1}{\376\377\000R\000e\000v\000i\000s\000e\000d\000\040\000D\000e\000r\000i\000v\000a\000t\000i\000o\000n}{chapter.24}% 164
\BOOKMARK [2][-]{subsection.24.1.1}{\376\377\000P\000h\000y\000s\000i\000c\000a\000l\000\040\000I\000n\000t\000e\000r\000p\000r\000e\000t\000a\000t\000i\000o\000n}{section.24.1}% 165
\BOOKMARK [1][-]{section.24.2}{\376\377\000N\000u\000m\000e\000r\000i\000c\000a\000l\000\040\000E\000v\000a\000l\000u\000a\000t\000i\000o\000n}{chapter.24}% 166
\BOOKMARK [1][-]{section.24.3}{\376\377\000C\000o\000m\000p\000a\000r\000i\000s\000o\000n\000\040\000w\000i\000t\000h\000\040\000P\000D\000G}{chapter.24}% 167
\BOOKMARK [1][-]{section.24.4}{\376\377\000W\000h\000y\000\040\000t\000h\000e\000\040\000E\000a\000r\000l\000i\000e\000r\000\040\000D\000e\000r\000i\000v\000a\000t\000i\000o\000n\000\040\000F\000a\000i\000l\000e\000d}{chapter.24}% 168
\BOOKMARK [-1][-]{part.8}{\376\377\000V\000I\000I\000I\000\040\000S\000t\000r\000o\000n\000g\000\040\000C\000P\000\040\000P\000r\000o\000b\000l\000e\000m}{}% 169
\BOOKMARK [0][-]{chapter.25}{\376\377\000S\000t\000r\000o\000n\000g\000\040\000C\000P\000\040\000A\000n\000g\000l\000e}{part.8}% 170
\BOOKMARK [1][-]{section.25.1}{\376\377\000T\000h\000e\000\040\000S\000t\000r\000o\000n\000g\000\040\000C\000P\000\040\000P\000r\000o\000b\000l\000e\000m}{chapter.25}% 171
\BOOKMARK [1][-]{section.25.2}{\376\377\000M\000e\000t\000a\000t\000i\000m\000e\000\040\000D\000e\000r\000i\000v\000a\000t\000i\000o\000n}{chapter.25}% 172
\BOOKMARK [2][-]{subsection.25.2.1}{\376\377\000N\000u\000m\000e\000r\000i\000c\000a\000l\000\040\000E\000v\000a\000l\000u\000a\000t\000i\000o\000n}{section.25.2}% 173
\BOOKMARK [1][-]{section.25.3}{\376\377\000N\000e\000u\000t\000r\000o\000n\000\040\000E\000l\000e\000c\000t\000r\000i\000c\000\040\000D\000i\000p\000o\000l\000e\000\040\000M\000o\000m\000e\000n\000t}{chapter.25}% 174
\BOOKMARK [1][-]{section.25.4}{\376\377\000C\000o\000m\000p\000a\000r\000i\000s\000o\000n\000\040\000w\000i\000t\000h\000\040\000E\000x\000p\000e\000r\000i\000m\000e\000n\000t}{chapter.25}% 175
\BOOKMARK [0][-]{chapter.26}{\376\377\000N\000e\000u\000t\000r\000o\000n\000\040\000E\000l\000e\000c\000t\000r\000i\000c\000\040\000D\000i\000p\000o\000l\000e\000\040\000M\000o\000m\000e\000n\000t}{part.8}% 176
\BOOKMARK [1][-]{section.26.1}{\376\377\000D\000e\000r\000i\000v\000a\000t\000i\000o\000n\000\040\000f\000r\000o\000m\000\040\000S\000t\000r\000o\000n\000g\000\040\000C\000P}{chapter.26}% 177
\BOOKMARK [1][-]{section.26.2}{\376\377\000P\000r\000e\000d\000i\000c\000t\000e\000d\000\040\000V\000a\000l\000u\000e}{chapter.26}% 178
\BOOKMARK [1][-]{section.26.3}{\376\377\000E\000x\000p\000e\000r\000i\000m\000e\000n\000t\000a\000l\000\040\000S\000t\000a\000t\000u\000s}{chapter.26}% 179
\BOOKMARK [1][-]{section.26.4}{\376\377\000N\000o\000n\000-\000D\000i\000s\000c\000o\000v\000e\000r\000y\000\040\000S\000c\000e\000n\000a\000r\000i\000o}{chapter.26}% 180
\BOOKMARK [-1][-]{part.9}{\376\377\000I\000X\000\040\000G\000a\000u\000g\000e\000\040\000A\000n\000o\000m\000a\000l\000i\000e\000s}{}% 181
\BOOKMARK [0][-]{chapter.27}{\376\377\000H\000y\000p\000e\000r\000c\000h\000a\000r\000g\000e\000\040\000A\000s\000s\000i\000g\000n\000m\000e\000n\000t\000s}{part.9}% 182
\BOOKMARK [1][-]{section.27.1}{\376\377\000M\000e\000t\000a\000t\000i\000m\000e\000\040\000H\000y\000p\000e\000r\000c\000h\000a\000r\000g\000e\000\040\000F\000o\000r\000m\000u\000l\000a\000s}{chapter.27}% 183
\BOOKMARK [0][-]{chapter.28}{\376\377\000A\000n\000o\000m\000a\000l\000y\000\040\000C\000a\000n\000c\000e\000l\000l\000a\000t\000i\000o\000n\000\040\000C\000o\000n\000d\000i\000t\000i\000o\000n\000s}{part.9}% 184
\BOOKMARK [1][-]{section.28.1}{\376\377\000T\000h\000e\000\040\000F\000i\000v\000e\000\040\000C\000o\000n\000d\000i\000t\000i\000o\000n\000s}{chapter.28}% 185
\BOOKMARK [1][-]{section.28.2}{\376\377\000V\000e\000r\000i\000f\000i\000c\000a\000t\000i\000o\000n\000\040\000w\000i\000t\000h\000\040\000M\000e\000t\000a\000t\000i\000m\000e\000\040\000V\000a\000l\000u\000e\000s}{chapter.28}% 186
\BOOKMARK [1][-]{section.28.3}{\376\377\000T\000h\000e\000\040\000B\000a\000r\000y\000o\000n\000\040\000N\000u\000m\000b\000e\000r\000\040\000A\000n\000o\000m\000a\000l\000y}{chapter.28}% 187
\BOOKMARK [1][-]{section.28.4}{\376\377\000S\000u\000m\000m\000a\000r\000y}{chapter.28}% 188
\BOOKMARK [-1][-]{part.10}{\376\377\000X\000\040\000C\000o\000s\000m\000o\000l\000o\000g\000y}{}% 189
\BOOKMARK [0][-]{chapter.29}{\376\377\000D\000a\000r\000k\000\040\000E\000n\000e\000r\000g\000y\000\040\000a\000n\000d\000\040\000t\000h\000e\000\040\000C\000o\000s\000m\000o\000l\000o\000g\000i\000c\000a\000l\000\040\000C\000o\000n\000s\000t\000a\000n\000t}{part.10}% 190
\BOOKMARK [1][-]{section.29.1}{\376\377\000T\000h\000e\000\040\000C\000o\000s\000m\000o\000l\000o\000g\000i\000c\000a\000l\000\040\000C\000o\000n\000s\000t\000a\000n\000t\000\040\000P\000r\000o\000b\000l\000e\000m}{chapter.29}% 191
\BOOKMARK [1][-]{section.29.2}{\376\377\000M\000e\000t\000a\000t\000i\000m\000e\000\040\000D\000e\000r\000i\000v\000a\000t\000i\000o\000n}{chapter.29}% 192
\BOOKMARK [2][-]{subsection.29.2.1}{\376\377\000T\000e\000r\000m\000-\000b\000y\000-\000T\000e\000r\000m\000\040\000B\000r\000e\000a\000k\000d\000o\000w\000n}{section.29.2}% 193
\BOOKMARK [2][-]{subsection.29.2.2}{\376\377\000N\000u\000m\000e\000r\000i\000c\000a\000l\000\040\000E\000v\000a\000l\000u\000a\000t\000i\000o\000n}{section.29.2}% 194
\BOOKMARK [1][-]{section.29.3}{\376\377\000C\000o\000m\000p\000a\000r\000i\000s\000o\000n\000\040\000w\000i\000t\000h\000\040\000O\000b\000s\000e\000r\000v\000a\000t\000i\000o\000n}{chapter.29}% 195
\BOOKMARK [1][-]{section.29.4}{\376\377\000T\000h\000e\000\040\000D\000a\000r\000k\000\040\000E\000n\000e\000r\000g\000y\000\040\000D\000e\000n\000s\000i\000t\000y\000\040\000P\000a\000r\000a\000m\000e\000t\000e\000r}{chapter.29}% 196
\BOOKMARK [1][-]{section.29.5}{\376\377\000I\000n\000t\000e\000r\000p\000r\000e\000t\000a\000t\000i\000o\000n}{chapter.29}% 197
\BOOKMARK [-1][-]{part.11}{\376\377\000X\000I\000\040\000C\000o\000n\000c\000l\000u\000s\000i\000o\000n\000s}{}% 198
\BOOKMARK [0][-]{chapter.30}{\376\377\000C\000o\000m\000p\000l\000e\000t\000e\000\040\000P\000a\000r\000a\000m\000e\000t\000e\000r\000\040\000S\000u\000m\000m\000a\000r\000y}{part.11}% 199
\BOOKMARK [1][-]{section.30.1}{\376\377\000A\000l\000l\000\040\0002\0006\000\040\000S\000M\000\040\000P\000a\000r\000a\000m\000e\000t\000e\000r\000s}{chapter.30}% 200
\BOOKMARK [1][-]{section.30.2}{\376\377\000O\000v\000e\000r\000a\000l\000l\000\040\000A\000s\000s\000e\000s\000s\000m\000e\000n\000t}{chapter.30}% 201
\BOOKMARK [0][-]{chapter.31}{\376\377\000O\000p\000e\000n\000\040\000P\000r\000o\000b\000l\000e\000m\000s}{part.11}% 202
\BOOKMARK [1][-]{section.31.1}{\376\377\000S\000u\000m\000m\000a\000r\000y\000\040\000o\000f\000\040\000T\000e\000n\000s\000i\000o\000n\000s}{chapter.31}% 203
\BOOKMARK [2][-]{subsection.31.1.1}{\376\377\000C\000K\000M\000\040\000C\000P\000\040\000P\000h\000a\000s\000e\000\040\000\050\000R\000e\000s\000o\000l\000v\000e\000d\000\051}{section.31.1}% 204
\BOOKMARK [2][-]{subsection.31.1.2}{\376\377\000B\000a\000r\000y\000o\000n\000\040\000O\000c\000t\000e\000t\000\040\000S\000y\000s\000t\000e\000m\000a\000t\000i\000c\000\040\000O\000f\000f\000s\000e\000t\000\040\000\050\000R\000e\000s\000o\000l\000v\000e\000d\000\051}{section.31.1}% 205
\BOOKMARK [2][-]{subsection.31.1.3}{\376\377\000G\000a\000u\000g\000e\000\040\000B\000o\000s\000o\000n\000\040\000M\000a\000s\000s\000e\000s\000\040\000\050\000+\0004\000.\0005\000\045\000\051}{section.31.1}% 206
\BOOKMARK [2][-]{subsection.31.1.4}{\376\377\000H\000i\000g\000g\000s\000\040\000M\000a\000s\000s\000\040\000\050\000R\000e\000s\000o\000l\000v\000e\000d\000\051}{section.31.1}% 207
\BOOKMARK [2][-]{subsection.31.1.5}{\376\377\000N\000e\000u\000t\000r\000o\000n\000\040\000E\000D\000M\000\040\000\050\000A\000t\000\040\000t\000h\000e\000\040\000L\000i\000m\000i\000t\000\051}{section.31.1}% 208
\BOOKMARK [2][-]{subsection.31.1.6}{\376\377\000A\000n\000o\000m\000a\000l\000y\000\040\000A\0005\000\040\000\050\000B\000a\000r\000y\000o\000n\000\040\000N\000u\000m\000b\000e\000r\000\051}{section.31.1}% 209
\BOOKMARK [1][-]{section.31.2}{\376\377\000F\000u\000t\000u\000r\000e\000\040\000W\000o\000r\000k}{chapter.31}% 210
\BOOKMARK [0][-]{appendix.A}{\376\377\000D\000e\000r\000i\000v\000a\000t\000i\000o\000n\000\040\000o\000f\000\040\000=\000\040\0002\000\040\000/\000\040\000\050\0002\0004\000\051}{part.11}% 211
\BOOKMARK [1][-]{section.A.1}{\376\377\000S\000h\000a\000n\000n\000o\000n\000\040\000I\000n\000f\000o\000r\000m\000a\000t\000i\000o\000n}{appendix.A}% 212
\BOOKMARK [1][-]{section.A.2}{\376\377\000P\000h\000a\000s\000e\000-\000S\000p\000a\000c\000e\000\040\000V\000o\000l\000u\000m\000e\000\040\000o\000f\000\040\000C\000P\0003}{appendix.A}% 213
\BOOKMARK [1][-]{section.A.3}{\376\377\000T\000h\000e\000\040\000R\000a\000t\000i\000o}{appendix.A}% 214
\BOOKMARK [1][-]{section.A.4}{\376\377\000W\000h\000y\000\040\0002\0004\000?\000\040\000A\000\040\000D\000e\000e\000p\000e\000r\000\040\000V\000i\000e\000w}{appendix.A}% 215
\BOOKMARK [1][-]{section.A.5}{\376\377\000N\000o\000\040\000F\000r\000e\000e\000\040\000P\000a\000r\000a\000m\000e\000t\000e\000r}{appendix.A}% 216
\BOOKMARK [0][-]{appendix.B}{\376\377\000C\000o\000l\000l\000a\000t\000z\000\040\000P\000r\000i\000m\000e\000\040\000T\000a\000b\000l\000e\000s}{part.11}% 217
\BOOKMARK [1][-]{section.B.1}{\376\377\000T\000h\000e\000\040\000C\000o\000l\000l\000a\000t\000z\000\040\000P\000r\000i\000m\000e\000\040\000S\000e\000q\000u\000e\000n\000c\000e}{appendix.B}% 218
\BOOKMARK [1][-]{section.B.2}{\376\377\000G\000e\000n\000e\000r\000a\000t\000i\000o\000n\000\040\000o\000f\000\040\000P\000r\000i\000m\000e\000s\000\040\000f\000r\000o\000m\000\040\000L\0003}{appendix.B}% 219
\BOOKMARK [1][-]{section.B.3}{\376\377\000T\000a\000b\000l\000e\000\040\000o\000f\000\040\000Q\000u\000a\000r\000k\000\040\000M\000a\000s\000s\000e\000s}{appendix.B}% 220
\BOOKMARK [1][-]{section.B.4}{\376\377\000G\000e\000n\000e\000r\000a\000t\000i\000o\000n\000\040\000L\000a\000d\000d\000e\000r}{appendix.B}% 221
\BOOKMARK [0][-]{appendix.C}{\376\377\000S\000U\000\050\0003\000\051\000\040\000G\000r\000o\000u\000p\000\040\000T\000h\000e\000o\000r\000y\000\040\000P\000r\000i\000m\000e\000r}{part.11}% 222
\BOOKMARK [1][-]{section.C.1}{\376\377\000G\000e\000n\000e\000r\000a\000t\000o\000r\000s\000\040\000a\000n\000d\000\040\000S\000t\000r\000u\000c\000t\000u\000r\000e\000\040\000C\000o\000n\000s\000t\000a\000n\000t\000s}{appendix.C}% 223
\BOOKMARK [1][-]{section.C.2}{\376\377\000C\000a\000r\000t\000a\000n\000\040\000A\000l\000g\000e\000b\000r\000a\000\040\000a\000n\000d\000\040\000R\000o\000o\000t\000s}{appendix.C}% 224
\BOOKMARK [1][-]{section.C.3}{\376\377\000I\000r\000r\000e\000d\000u\000c\000i\000b\000l\000e\000\040\000R\000e\000p\000r\000e\000s\000e\000n\000t\000a\000t\000i\000o\000n\000s}{appendix.C}% 225
\BOOKMARK [1][-]{section.C.4}{\376\377\000Y\000o\000u\000n\000g\000\040\000T\000a\000b\000l\000e\000a\000u\000x}{appendix.C}% 226
\BOOKMARK [1][-]{section.C.5}{\376\377\000C\000a\000s\000i\000m\000i\000r\000\040\000O\000p\000e\000r\000a\000t\000o\000r\000s}{appendix.C}% 227
\BOOKMARK [0][-]{appendix.D}{\376\377\000P\000o\000i\000n\000c\000a\000r\000\351\000\040\000D\000i\000s\000k\000\040\000G\000e\000o\000m\000e\000t\000r\000y}{part.11}% 228
\BOOKMARK [1][-]{section.D.1}{\376\377\000D\000e\000f\000i\000n\000i\000t\000i\000o\000n}{appendix.D}% 229
\BOOKMARK [1][-]{section.D.2}{\376\377\000I\000s\000o\000m\000e\000t\000r\000i\000e\000s}{appendix.D}% 230
\BOOKMARK [1][-]{section.D.3}{\376\377\000G\000e\000o\000d\000e\000s\000i\000c\000s}{appendix.D}% 231
\BOOKMARK [1][-]{section.D.4}{\376\377\000B\000o\000u\000n\000d\000a\000r\000y\000\040\000a\000n\000d\000\040\000C\000o\000m\000p\000a\000c\000t\000i\000f\000i\000c\000a\000t\000i\000o\000n}{appendix.D}% 232
\BOOKMARK [1][-]{section.D.5}{\376\377\000K\000u\000r\000a\000m\000o\000t\000o\000\040\000M\000o\000d\000e\000l\000\040\000o\000n\000\040\000D}{appendix.D}% 233
\BOOKMARK [1][-]{section.D.6}{\376\377\000H\000y\000p\000e\000r\000b\000o\000l\000i\000c\000\040\000V\000o\000l\000u\000m\000e\000\040\000a\000n\000d\000\040}{appendix.D}% 234
\BOOKMARK [0][-]{appendix.E}{\376\377\000T\000e\000t\000r\000a\000h\000e\000d\000r\000o\000n\000\040\000A\000l\000g\000e\000b\000r\000a\000i\000c\000\040\000G\000e\000o\000m\000e\000t\000r\000y}{part.11}% 235
\BOOKMARK [1][-]{section.E.1}{\376\377\000T\000h\000e\000\040\000N\000O\000E\000M\000A\000\040\000T\000e\000t\000r\000a\000h\000e\000d\000r\000o\000n}{appendix.E}% 236
\BOOKMARK [1][-]{section.E.2}{\376\377\000E\000d\000g\000e\000\040\000L\000e\000n\000g\000t\000h\000s}{appendix.E}% 237
\BOOKMARK [1][-]{section.E.3}{\376\377\000D\000i\000h\000e\000d\000r\000a\000l\000\040\000A\000n\000g\000l\000e\000s}{appendix.E}% 238
\BOOKMARK [1][-]{section.E.4}{\376\377\000V\000o\000l\000u\000m\000e}{appendix.E}% 239
\BOOKMARK [1][-]{section.E.5}{\376\377\000P\000M\000N\000S\000\040\000M\000a\000p\000p\000i\000n\000g}{appendix.E}% 240
\BOOKMARK [1][-]{section.E.6}{\376\377\000M\000a\000s\000s\000\040\000E\000i\000g\000e\000n\000v\000a\000l\000u\000e\000s}{appendix.E}% 241
\BOOKMARK [0][-]{appendix.F}{\376\377\000B\000a\000r\000y\000o\000n\000\040\000M\000a\000s\000s\000\040\000C\000a\000l\000c\000u\000l\000a\000t\000i\000o\000n\000\040\000T\000a\000b\000l\000e\000s}{part.11}% 242
\BOOKMARK [1][-]{section.F.1}{\376\377\000O\000c\000t\000e\000t\000\040\000M\000a\000s\000s\000e\000s}{appendix.F}% 243
\BOOKMARK [2][-]{subsection.F.1.1}{\376\377\000N\000u\000m\000e\000r\000i\000c\000a\000l\000\040\000T\000e\000r\000m\000s}{section.F.1}% 244
\BOOKMARK [2][-]{subsection.F.1.2}{\376\377\000P\000e\000r\000-\000P\000a\000r\000t\000i\000c\000l\000e\000\040\000V\000a\000l\000u\000e\000s}{section.F.1}% 245
\BOOKMARK [1][-]{section.F.2}{\376\377\000D\000e\000c\000u\000p\000l\000e\000t\000\040\000M\000a\000s\000s\000e\000s}{appendix.F}% 246
\BOOKMARK [2][-]{subsection.F.2.1}{\376\377\000N\000u\000m\000e\000r\000i\000c\000a\000l\000\040\000T\000e\000r\000m\000s}{section.F.2}% 247
\BOOKMARK [2][-]{subsection.F.2.2}{\376\377\000P\000e\000r\000-\000P\000a\000r\000t\000i\000c\000l\000e\000\040\000V\000a\000l\000u\000e\000s}{section.F.2}% 248
\BOOKMARK [1][-]{section.F.3}{\376\377\000E\000r\000r\000o\000r\000\040\000S\000u\000m\000m\000a\000r\000y}{appendix.F}% 249
\BOOKMARK [0][-]{appendix.G}{\376\377\000M\000e\000s\000o\000n\000\040\000M\000a\000s\000s\000\040\000C\000a\000l\000c\000u\000l\000a\000t\000i\000o\000n\000\040\000T\000a\000b\000l\000e\000s}{part.11}% 250
\BOOKMARK [1][-]{section.G.1}{\376\377\000P\000s\000e\000u\000d\000o\000s\000c\000a\000l\000a\000r\000\040\000M\000e\000s\000o\000n\000s}{appendix.G}% 251
\BOOKMARK [2][-]{subsection.G.1.1}{\376\377\000P\000i\000o\000n}{section.G.1}% 252
\BOOKMARK [2][-]{subsection.G.1.2}{\376\377\000K\000a\000o\000n}{section.G.1}% 253
\BOOKMARK [2][-]{subsection.G.1.3}{\376\377\000C\000o\000m\000p\000l\000e\000t\000e\000\040\000P\000s\000e\000u\000d\000o\000s\000c\000a\000l\000a\000r\000\040\000T\000a\000b\000l\000e}{section.G.1}% 254
\BOOKMARK [1][-]{section.G.2}{\376\377\000V\000e\000c\000t\000o\000r\000\040\000M\000e\000s\000o\000n\000s}{appendix.G}% 255
\BOOKMARK [2][-]{subsection.G.2.1}{\376\377\000C\000o\000m\000p\000l\000e\000t\000e\000\040\000V\000e\000c\000t\000o\000r\000\040\000T\000a\000b\000l\000e}{section.G.2}% 256
\BOOKMARK [1][-]{section.G.3}{\376\377\000O\000p\000e\000n\000\040\000F\000l\000a\000v\000o\000u\000r\000\040\000S\000t\000a\000t\000e\000s}{appendix.G}% 257
\BOOKMARK [0][-]{appendix.H}{\376\377\000P\000D\000G\000\040\000R\000e\000f\000e\000r\000e\000n\000c\000e\000\040\000T\000a\000b\000l\000e\000s}{part.11}% 258
\BOOKMARK [1][-]{section.H.1}{\376\377\000L\000e\000p\000t\000o\000n\000\040\000M\000a\000s\000s\000e\000s}{appendix.H}% 259
\BOOKMARK [1][-]{section.H.2}{\376\377\000B\000a\000r\000y\000o\000n\000\040\000O\000c\000t\000e\000t\000\040\000M\000a\000s\000s\000e\000s}{appendix.H}% 260
\BOOKMARK [1][-]{section.H.3}{\376\377\000B\000a\000r\000y\000o\000n\000\040\000D\000e\000c\000u\000p\000l\000e\000t\000\040\000M\000a\000s\000s\000e\000s}{appendix.H}% 261
\BOOKMARK [1][-]{section.H.4}{\376\377\000N\000e\000u\000t\000r\000i\000n\000o\000\040\000O\000s\000c\000i\000l\000l\000a\000t\000i\000o\000n\000\040\000P\000a\000r\000a\000m\000e\000t\000e\000r\000s}{appendix.H}% 262
\BOOKMARK [1][-]{section.H.5}{\376\377\000C\000K\000M\000\040\000M\000a\000t\000r\000i\000x\000\040\000E\000l\000e\000m\000e\000n\000t\000s}{appendix.H}% 263
\BOOKMARK [1][-]{section.H.6}{\376\377\000E\000l\000e\000c\000t\000r\000o\000w\000e\000a\000k\000\040\000P\000a\000r\000a\000m\000e\000t\000e\000r\000s}{appendix.H}% 264
\BOOKMARK [1][-]{section.H.7}{\376\377\000C\000o\000s\000m\000o\000l\000o\000g\000i\000c\000a\000l\000\040\000P\000a\000r\000a\000m\000e\000t\000e\000r\000s}{appendix.H}% 265
\BOOKMARK [0][-]{appendix.I}{\376\377\000S\000o\000u\000r\000c\000e\000\040\000C\000o\000d\000e}{part.11}% 266
\BOOKMARK [1][-]{section.I.1}{\376\377\000A\000u\000d\000i\000t\000\040\000S\000c\000r\000i\000p\000t}{appendix.I}% 267
\BOOKMARK [1][-]{section.I.2}{\376\377\000U\000s\000a\000g\000e}{appendix.I}% 268
\BOOKMARK [1][-]{section.I.3}{\376\377\000O\000u\000t\000p\000u\000t\000\040\000S\000u\000m\000m\000a\000r\000y}{appendix.I}% 269
\BOOKMARK [1][-]{section.I.4}{\376\377\000M\000o\000n\000o\000g\000r\000a\000p\000h\000\040\000F\000i\000l\000e\000s}{appendix.I}% 270
